[debug] [2024-09-02T21:33:54.380Z] ----------------------------------------------------------------------
[debug] [2024-09-02T21:33:54.391Z] Command:       C:\Program Files\nodejs\node.exe C:\Users\Ngobile\AppData\Roaming\npm\node_modules\firebase-tools\lib\bin\firebase.js emulators:start
[debug] [2024-09-02T21:33:54.392Z] CLI Version:   13.16.0
[debug] [2024-09-02T21:33:54.392Z] Platform:      win32
[debug] [2024-09-02T21:33:54.393Z] Node Version:  v20.16.0
[debug] [2024-09-02T21:33:54.393Z] Time:          Mon Sep 02 2024 14:33:54 GMT-0700 (Pacific Daylight Time)
[debug] [2024-09-02T21:33:54.394Z] ----------------------------------------------------------------------
[debug] 
[debug] [2024-09-02T21:33:54.865Z] > command requires scopes: ["email","openid","https://www.googleapis.com/auth/cloudplatformprojects.readonly","https://www.googleapis.com/auth/firebase","https://www.googleapis.com/auth/cloud-platform"]
[debug] [2024-09-02T21:33:54.866Z] > authorizing via signed-in user (nqobileamandlasibiya@gmail.com)
[info] i  emulators: Starting emulators: functions {"metadata":{"emulator":{"name":"hub"},"message":"Starting emulators: functions"}}
[debug] [2024-09-02T21:33:54.898Z] [logging] Logging Emulator only supports listening on one address (127.0.0.1). Not listening on ::1
[debug] [2024-09-02T21:33:54.899Z] assigned listening specs for emulators {"user":{"hub":[{"address":"127.0.0.1","family":"IPv4","port":4400},{"address":"::1","family":"IPv6","port":4400}],"ui":[{"address":"127.0.0.1","family":"IPv4","port":4000},{"address":"::1","family":"IPv6","port":4000}],"logging":[{"address":"127.0.0.1","family":"IPv4","port":4500}]},"metadata":{"message":"assigned listening specs for emulators"}}
[debug] [2024-09-02T21:33:54.915Z] [hub] writing locator at C:\Users\Ngobile\AppData\Local\Temp\hub-clone-2ef21.json
[debug] [2024-09-02T21:33:54.971Z] [functions] Functions Emulator only supports listening on one address (127.0.0.1). Not listening on ::1
[debug] [2024-09-02T21:33:54.972Z] [eventarc] Eventarc Emulator only supports listening on one address (127.0.0.1). Not listening on ::1
[debug] [2024-09-02T21:33:54.972Z] [tasks] Cloud Tasks Emulator only supports listening on one address (127.0.0.1). Not listening on ::1
[debug] [2024-09-02T21:33:54.973Z] late-assigned ports for functions and eventarc emulators {"user":{"hub":[{"address":"127.0.0.1","family":"IPv4","port":4400},{"address":"::1","family":"IPv6","port":4400}],"ui":[{"address":"127.0.0.1","family":"IPv4","port":4000},{"address":"::1","family":"IPv6","port":4000}],"logging":[{"address":"127.0.0.1","family":"IPv4","port":4500}],"functions":[{"address":"127.0.0.1","family":"IPv4","port":5001}],"eventarc":[{"address":"127.0.0.1","family":"IPv4","port":9299}],"tasks":[{"address":"127.0.0.1","family":"IPv4","port":9499}]},"metadata":{"message":"late-assigned ports for functions and eventarc emulators"}}
[warn] !  functions: The following emulators are not running, calls to these services from the Functions emulator will affect production: auth, firestore, database, hosting, pubsub, storage, dataconnect {"metadata":{"emulator":{"name":"functions"},"message":"The following emulators are not running, calls to these services from the Functions emulator will affect production: \u001b[1mauth, firestore, database, hosting, pubsub, storage, dataconnect\u001b[22m"}}
[debug] [2024-09-02T21:33:54.983Z] defaultcredentials: writing to file C:\Users\Ngobile\AppData\Roaming\firebase\nqobileamandlasibiya_gmail_com_application_default_credentials.json
[debug] [2024-09-02T21:33:54.990Z] Setting GAC to C:\Users\Ngobile\AppData\Roaming\firebase\nqobileamandlasibiya_gmail_com_application_default_credentials.json {"metadata":{"emulator":{"name":"functions"},"message":"Setting GAC to C:\\Users\\Ngobile\\AppData\\Roaming\\firebase\\nqobileamandlasibiya_gmail_com_application_default_credentials.json"}}
[debug] [2024-09-02T21:33:54.994Z] > refreshing access token with scopes: []
[debug] [2024-09-02T21:33:54.999Z] >>> [apiv2][query] POST https://www.googleapis.com/oauth2/v3/token [none]
[debug] [2024-09-02T21:33:54.999Z] >>> [apiv2][body] POST https://www.googleapis.com/oauth2/v3/token [omitted]
[debug] [2024-09-02T21:34:09.312Z] <<< [apiv2][status] POST https://www.googleapis.com/oauth2/v3/token 200
[debug] [2024-09-02T21:34:09.312Z] <<< [apiv2][body] POST https://www.googleapis.com/oauth2/v3/token [omitted]
[debug] [2024-09-02T21:34:09.324Z] >>> [apiv2][query] GET https://firebase.googleapis.com/v1beta1/projects/clone-2ef21/adminSdkConfig [none]
[debug] [2024-09-02T21:34:16.040Z] <<< [apiv2][status] GET https://firebase.googleapis.com/v1beta1/projects/clone-2ef21/adminSdkConfig 200
[debug] [2024-09-02T21:34:16.040Z] <<< [apiv2][body] GET https://firebase.googleapis.com/v1beta1/projects/clone-2ef21/adminSdkConfig {"projectId":"clone-2ef21","storageBucket":"clone-2ef21.appspot.com"}
[info] i  ui: downloading ui-v1.13.0.zip... {"metadata":{"emulator":{"name":"ui"},"message":"downloading ui-v1.13.0.zip..."}}
[debug] [2024-09-02T21:34:16.106Z] >>> [apiv2][query] GET https://storage.googleapis.com/firebase-preview-drop/emulator/ui-v1.13.0.zip 
[debug] [2024-09-02T21:34:22.775Z] <<< [apiv2][status] GET https://storage.googleapis.com/firebase-preview-drop/emulator/ui-v1.13.0.zip 200
[debug] [2024-09-02T21:34:22.775Z] <<< [apiv2][body] GET https://storage.googleapis.com/firebase-preview-drop/emulator/ui-v1.13.0.zip [stream]
[debug] [2024-09-02T21:34:26.377Z] Data is 3605485
[debug] [2024-09-02T21:34:26.378Z] [unzip] Entry: client/ (compressed_size=0 bytes, uncompressed_size=0 bytes)
[debug] [2024-09-02T21:34:26.378Z] [unzip] Processing entry: client\
[debug] [2024-09-02T21:34:26.378Z] [unzip] mkdir: C:\Users\Ngobile\.cache\firebase\emulators\ui-v1.13.0\client\
[debug] [2024-09-02T21:34:26.379Z] [unzip] Entry: client/favicon-16x16.png (compressed_size=293 bytes, uncompressed_size=293 bytes)
[debug] [2024-09-02T21:34:26.380Z] [unzip] Processing entry: client\favicon-16x16.png
[debug] [2024-09-02T21:34:26.380Z] [unzip] else mkdir: C:\Users\Ngobile\.cache\firebase\emulators\ui-v1.13.0\client
[debug] [2024-09-02T21:34:26.381Z] [unzip] Writing file: C:\Users\Ngobile\.cache\firebase\emulators\ui-v1.13.0\client\favicon-16x16.png
[debug] [2024-09-02T21:34:26.390Z] [unzip] Entry: client/safari-pinned-tab.svg (compressed_size=1433 bytes, uncompressed_size=2611 bytes)
[debug] [2024-09-02T21:34:26.390Z] [unzip] Processing entry: client\safari-pinned-tab.svg
[debug] [2024-09-02T21:34:26.390Z] [unzip] else mkdir: C:\Users\Ngobile\.cache\firebase\emulators\ui-v1.13.0\client
[debug] [2024-09-02T21:34:26.391Z] [unzip] deflating: C:\Users\Ngobile\.cache\firebase\emulators\ui-v1.13.0\client\safari-pinned-tab.svg
[debug] [2024-09-02T21:34:26.456Z] [unzip] Entry: client/favicon.ico (compressed_size=2933 bytes, uncompressed_size=13294 bytes)
[debug] [2024-09-02T21:34:26.456Z] [unzip] Processing entry: client\favicon.ico
[debug] [2024-09-02T21:34:26.457Z] [unzip] else mkdir: C:\Users\Ngobile\.cache\firebase\emulators\ui-v1.13.0\client
[debug] [2024-09-02T21:34:26.457Z] [unzip] deflating: C:\Users\Ngobile\.cache\firebase\emulators\ui-v1.13.0\client\favicon.ico
[debug] [2024-09-02T21:34:26.460Z] [unzip] Entry: client/index.html (compressed_size=1361 bytes, uncompressed_size=3071 bytes)
[debug] [2024-09-02T21:34:26.460Z] [unzip] Processing entry: client\index.html
[debug] [2024-09-02T21:34:26.461Z] [unzip] else mkdir: C:\Users\Ngobile\.cache\firebase\emulators\ui-v1.13.0\client
[debug] [2024-09-02T21:34:26.461Z] [unzip] deflating: C:\Users\Ngobile\.cache\firebase\emulators\ui-v1.13.0\client\index.html
[debug] [2024-09-02T21:34:26.464Z] [unzip] Entry: client/android-chrome-192x192.png (compressed_size=2684 bytes, uncompressed_size=2684 bytes)
[debug] [2024-09-02T21:34:26.464Z] [unzip] Processing entry: client\android-chrome-192x192.png
[debug] [2024-09-02T21:34:26.465Z] [unzip] else mkdir: C:\Users\Ngobile\.cache\firebase\emulators\ui-v1.13.0\client
[debug] [2024-09-02T21:34:26.465Z] [unzip] Writing file: C:\Users\Ngobile\.cache\firebase\emulators\ui-v1.13.0\client\android-chrome-192x192.png
[debug] [2024-09-02T21:34:26.468Z] [unzip] Entry: client/apple-touch-icon.png (compressed_size=2123 bytes, uncompressed_size=2152 bytes)
[debug] [2024-09-02T21:34:26.468Z] [unzip] Processing entry: client\apple-touch-icon.png
[debug] [2024-09-02T21:34:26.469Z] [unzip] else mkdir: C:\Users\Ngobile\.cache\firebase\emulators\ui-v1.13.0\client
[debug] [2024-09-02T21:34:26.469Z] [unzip] deflating: C:\Users\Ngobile\.cache\firebase\emulators\ui-v1.13.0\client\apple-touch-icon.png
[debug] [2024-09-02T21:34:26.475Z] [unzip] Entry: client/android-chrome-512x512.png (compressed_size=5369 bytes, uncompressed_size=5411 bytes)
[debug] [2024-09-02T21:34:26.475Z] [unzip] Processing entry: client\android-chrome-512x512.png
[debug] [2024-09-02T21:34:26.475Z] [unzip] else mkdir: C:\Users\Ngobile\.cache\firebase\emulators\ui-v1.13.0\client
[debug] [2024-09-02T21:34:26.476Z] [unzip] deflating: C:\Users\Ngobile\.cache\firebase\emulators\ui-v1.13.0\client\android-chrome-512x512.png
[debug] [2024-09-02T21:34:26.479Z] [unzip] Entry: client/manifest.json (compressed_size=245 bytes, uncompressed_size=551 bytes)
[debug] [2024-09-02T21:34:26.479Z] [unzip] Processing entry: client\manifest.json
[debug] [2024-09-02T21:34:26.480Z] [unzip] else mkdir: C:\Users\Ngobile\.cache\firebase\emulators\ui-v1.13.0\client
[debug] [2024-09-02T21:34:26.481Z] [unzip] deflating: C:\Users\Ngobile\.cache\firebase\emulators\ui-v1.13.0\client\manifest.json
[debug] [2024-09-02T21:34:26.488Z] [unzip] Entry: client/robots.txt (compressed_size=26 bytes, uncompressed_size=26 bytes)
[debug] [2024-09-02T21:34:26.488Z] [unzip] Processing entry: client\robots.txt
[debug] [2024-09-02T21:34:26.488Z] [unzip] else mkdir: C:\Users\Ngobile\.cache\firebase\emulators\ui-v1.13.0\client
[debug] [2024-09-02T21:34:26.489Z] [unzip] Writing file: C:\Users\Ngobile\.cache\firebase\emulators\ui-v1.13.0\client\robots.txt
[debug] [2024-09-02T21:34:26.491Z] [unzip] Entry: client/mstile-150x150.png (compressed_size=2034 bytes, uncompressed_size=2034 bytes)
[debug] [2024-09-02T21:34:26.491Z] [unzip] Processing entry: client\mstile-150x150.png
[debug] [2024-09-02T21:34:26.491Z] [unzip] else mkdir: C:\Users\Ngobile\.cache\firebase\emulators\ui-v1.13.0\client
[debug] [2024-09-02T21:34:26.492Z] [unzip] Writing file: C:\Users\Ngobile\.cache\firebase\emulators\ui-v1.13.0\client\mstile-150x150.png
[debug] [2024-09-02T21:34:26.494Z] [unzip] Entry: client/assets/ (compressed_size=0 bytes, uncompressed_size=0 bytes)
[debug] [2024-09-02T21:34:26.494Z] [unzip] Processing entry: client\assets\
[debug] [2024-09-02T21:34:26.494Z] [unzip] mkdir: C:\Users\Ngobile\.cache\firebase\emulators\ui-v1.13.0\client\assets\
[debug] [2024-09-02T21:34:26.496Z] [unzip] Entry: client/assets/index-I-mhtQda.js.map (compressed_size=2322562 bytes, uncompressed_size=9922747 bytes)
[debug] [2024-09-02T21:34:26.496Z] [unzip] Processing entry: client\assets\index-I-mhtQda.js.map
[debug] [2024-09-02T21:34:26.496Z] [unzip] else mkdir: C:\Users\Ngobile\.cache\firebase\emulators\ui-v1.13.0\client\assets
[debug] [2024-09-02T21:34:26.496Z] [unzip] deflating: C:\Users\Ngobile\.cache\firebase\emulators\ui-v1.13.0\client\assets\index-I-mhtQda.js.map
[debug] [2024-09-02T21:34:26.676Z] [unzip] Entry: client/assets/index-BdgySamB.css (compressed_size=35979 bytes, uncompressed_size=298654 bytes)
[debug] [2024-09-02T21:34:26.676Z] [unzip] Processing entry: client\assets\index-BdgySamB.css
[debug] [2024-09-02T21:34:26.676Z] [unzip] else mkdir: C:\Users\Ngobile\.cache\firebase\emulators\ui-v1.13.0\client\assets
[debug] [2024-09-02T21:34:26.677Z] [unzip] deflating: C:\Users\Ngobile\.cache\firebase\emulators\ui-v1.13.0\client\assets\index-BdgySamB.css
[debug] [2024-09-02T21:34:26.689Z] [unzip] Entry: client/assets/index-I-mhtQda.js (compressed_size=565968 bytes, uncompressed_size=2030855 bytes)
[debug] [2024-09-02T21:34:26.689Z] [unzip] Processing entry: client\assets\index-I-mhtQda.js
[debug] [2024-09-02T21:34:26.689Z] [unzip] else mkdir: C:\Users\Ngobile\.cache\firebase\emulators\ui-v1.13.0\client\assets
[debug] [2024-09-02T21:34:26.690Z] [unzip] deflating: C:\Users\Ngobile\.cache\firebase\emulators\ui-v1.13.0\client\assets\index-I-mhtQda.js
[debug] [2024-09-02T21:34:26.738Z] [unzip] Entry: client/assets/extensions/ (compressed_size=0 bytes, uncompressed_size=0 bytes)
[debug] [2024-09-02T21:34:26.738Z] [unzip] Processing entry: client\assets\extensions\
[debug] [2024-09-02T21:34:26.738Z] [unzip] mkdir: C:\Users\Ngobile\.cache\firebase\emulators\ui-v1.13.0\client\assets\extensions\
[debug] [2024-09-02T21:34:26.739Z] [unzip] Entry: client/assets/extensions/default-extension.png (compressed_size=1646 bytes, uncompressed_size=1657 bytes)
[debug] [2024-09-02T21:34:26.740Z] [unzip] Processing entry: client\assets\extensions\default-extension.png
[debug] [2024-09-02T21:34:26.740Z] [unzip] else mkdir: C:\Users\Ngobile\.cache\firebase\emulators\ui-v1.13.0\client\assets\extensions
[debug] [2024-09-02T21:34:26.740Z] [unzip] deflating: C:\Users\Ngobile\.cache\firebase\emulators\ui-v1.13.0\client\assets\extensions\default-extension.png
[debug] [2024-09-02T21:34:26.745Z] [unzip] Entry: client/assets/img/ (compressed_size=0 bytes, uncompressed_size=0 bytes)
[debug] [2024-09-02T21:34:26.746Z] [unzip] Processing entry: client\assets\img\
[debug] [2024-09-02T21:34:26.746Z] [unzip] mkdir: C:\Users\Ngobile\.cache\firebase\emulators\ui-v1.13.0\client\assets\img\
[debug] [2024-09-02T21:34:26.747Z] [unzip] Entry: client/assets/img/database.png (compressed_size=29449 bytes, uncompressed_size=29988 bytes)
[debug] [2024-09-02T21:34:26.747Z] [unzip] Processing entry: client\assets\img\database.png
[debug] [2024-09-02T21:34:26.747Z] [unzip] else mkdir: C:\Users\Ngobile\.cache\firebase\emulators\ui-v1.13.0\client\assets\img
[debug] [2024-09-02T21:34:26.748Z] [unzip] deflating: C:\Users\Ngobile\.cache\firebase\emulators\ui-v1.13.0\client\assets\img\database.png
[debug] [2024-09-02T21:34:26.752Z] [unzip] Entry: client/assets/provider-icons/ (compressed_size=0 bytes, uncompressed_size=0 bytes)
[debug] [2024-09-02T21:34:26.753Z] [unzip] Processing entry: client\assets\provider-icons\
[debug] [2024-09-02T21:34:26.753Z] [unzip] mkdir: C:\Users\Ngobile\.cache\firebase\emulators\ui-v1.13.0\client\assets\provider-icons\
[debug] [2024-09-02T21:34:26.754Z] [unzip] Entry: client/assets/provider-icons/auth_service_saml.svg (compressed_size=575 bytes, uncompressed_size=1226 bytes)
[debug] [2024-09-02T21:34:26.754Z] [unzip] Processing entry: client\assets\provider-icons\auth_service_saml.svg
[debug] [2024-09-02T21:34:26.754Z] [unzip] else mkdir: C:\Users\Ngobile\.cache\firebase\emulators\ui-v1.13.0\client\assets\provider-icons
[debug] [2024-09-02T21:34:26.755Z] [unzip] deflating: C:\Users\Ngobile\.cache\firebase\emulators\ui-v1.13.0\client\assets\provider-icons\auth_service_saml.svg
[debug] [2024-09-02T21:34:26.758Z] [unzip] Entry: client/assets/provider-icons/auth_service_phone.svg (compressed_size=261 bytes, uncompressed_size=414 bytes)
[debug] [2024-09-02T21:34:26.759Z] [unzip] Processing entry: client\assets\provider-icons\auth_service_phone.svg
[debug] [2024-09-02T21:34:26.759Z] [unzip] else mkdir: C:\Users\Ngobile\.cache\firebase\emulators\ui-v1.13.0\client\assets\provider-icons
[debug] [2024-09-02T21:34:26.760Z] [unzip] deflating: C:\Users\Ngobile\.cache\firebase\emulators\ui-v1.13.0\client\assets\provider-icons\auth_service_phone.svg
[debug] [2024-09-02T21:34:26.763Z] [unzip] Entry: client/assets/provider-icons/auth_service_facebook.svg (compressed_size=289 bytes, uncompressed_size=457 bytes)
[debug] [2024-09-02T21:34:26.763Z] [unzip] Processing entry: client\assets\provider-icons\auth_service_facebook.svg
[debug] [2024-09-02T21:34:26.764Z] [unzip] else mkdir: C:\Users\Ngobile\.cache\firebase\emulators\ui-v1.13.0\client\assets\provider-icons
[debug] [2024-09-02T21:34:26.767Z] [unzip] deflating: C:\Users\Ngobile\.cache\firebase\emulators\ui-v1.13.0\client\assets\provider-icons\auth_service_facebook.svg
[debug] [2024-09-02T21:34:26.770Z] [unzip] Entry: client/assets/provider-icons/auth_service_game_center.svg (compressed_size=991 bytes, uncompressed_size=3921 bytes)
[debug] [2024-09-02T21:34:26.770Z] [unzip] Processing entry: client\assets\provider-icons\auth_service_game_center.svg
[debug] [2024-09-02T21:34:26.770Z] [unzip] else mkdir: C:\Users\Ngobile\.cache\firebase\emulators\ui-v1.13.0\client\assets\provider-icons
[debug] [2024-09-02T21:34:26.771Z] [unzip] deflating: C:\Users\Ngobile\.cache\firebase\emulators\ui-v1.13.0\client\assets\provider-icons\auth_service_game_center.svg
[debug] [2024-09-02T21:34:26.774Z] [unzip] Entry: client/assets/provider-icons/auth_service_apple.svg (compressed_size=230 bytes, uncompressed_size=334 bytes)
[debug] [2024-09-02T21:34:26.775Z] [unzip] Processing entry: client\assets\provider-icons\auth_service_apple.svg
[debug] [2024-09-02T21:34:26.775Z] [unzip] else mkdir: C:\Users\Ngobile\.cache\firebase\emulators\ui-v1.13.0\client\assets\provider-icons
[debug] [2024-09-02T21:34:26.776Z] [unzip] deflating: C:\Users\Ngobile\.cache\firebase\emulators\ui-v1.13.0\client\assets\provider-icons\auth_service_apple.svg
[debug] [2024-09-02T21:34:26.779Z] [unzip] Entry: client/assets/provider-icons/auth_service_github.svg (compressed_size=466 bytes, uncompressed_size=838 bytes)
[debug] [2024-09-02T21:34:26.779Z] [unzip] Processing entry: client\assets\provider-icons\auth_service_github.svg
[debug] [2024-09-02T21:34:26.779Z] [unzip] else mkdir: C:\Users\Ngobile\.cache\firebase\emulators\ui-v1.13.0\client\assets\provider-icons
[debug] [2024-09-02T21:34:26.780Z] [unzip] deflating: C:\Users\Ngobile\.cache\firebase\emulators\ui-v1.13.0\client\assets\provider-icons\auth_service_github.svg
[debug] [2024-09-02T21:34:26.782Z] [unzip] Entry: client/assets/provider-icons/auth_service_mslive.svg (compressed_size=203 bytes, uncompressed_size=378 bytes)
[debug] [2024-09-02T21:34:26.782Z] [unzip] Processing entry: client\assets\provider-icons\auth_service_mslive.svg
[debug] [2024-09-02T21:34:26.782Z] [unzip] else mkdir: C:\Users\Ngobile\.cache\firebase\emulators\ui-v1.13.0\client\assets\provider-icons
[debug] [2024-09-02T21:34:26.783Z] [unzip] deflating: C:\Users\Ngobile\.cache\firebase\emulators\ui-v1.13.0\client\assets\provider-icons\auth_service_mslive.svg
[debug] [2024-09-02T21:34:26.786Z] [unzip] Entry: client/assets/provider-icons/auth_service_yahoo.svg (compressed_size=577 bytes, uncompressed_size=1182 bytes)
[debug] [2024-09-02T21:34:26.786Z] [unzip] Processing entry: client\assets\provider-icons\auth_service_yahoo.svg
[debug] [2024-09-02T21:34:26.786Z] [unzip] else mkdir: C:\Users\Ngobile\.cache\firebase\emulators\ui-v1.13.0\client\assets\provider-icons
[debug] [2024-09-02T21:34:26.786Z] [unzip] deflating: C:\Users\Ngobile\.cache\firebase\emulators\ui-v1.13.0\client\assets\provider-icons\auth_service_yahoo.svg
[debug] [2024-09-02T21:34:26.788Z] [unzip] Entry: client/assets/provider-icons/auth_service_twitter.svg (compressed_size=444 bytes, uncompressed_size=751 bytes)
[debug] [2024-09-02T21:34:26.789Z] [unzip] Processing entry: client\assets\provider-icons\auth_service_twitter.svg
[debug] [2024-09-02T21:34:26.789Z] [unzip] else mkdir: C:\Users\Ngobile\.cache\firebase\emulators\ui-v1.13.0\client\assets\provider-icons
[debug] [2024-09-02T21:34:26.789Z] [unzip] deflating: C:\Users\Ngobile\.cache\firebase\emulators\ui-v1.13.0\client\assets\provider-icons\auth_service_twitter.svg
[debug] [2024-09-02T21:34:26.791Z] [unzip] Entry: client/assets/provider-icons/auth_service_play_games.svg (compressed_size=565 bytes, uncompressed_size=1173 bytes)
[debug] [2024-09-02T21:34:26.792Z] [unzip] Processing entry: client\assets\provider-icons\auth_service_play_games.svg
[debug] [2024-09-02T21:34:26.792Z] [unzip] else mkdir: C:\Users\Ngobile\.cache\firebase\emulators\ui-v1.13.0\client\assets\provider-icons
[debug] [2024-09-02T21:34:26.793Z] [unzip] deflating: C:\Users\Ngobile\.cache\firebase\emulators\ui-v1.13.0\client\assets\provider-icons\auth_service_play_games.svg
[debug] [2024-09-02T21:34:26.807Z] [unzip] Entry: client/assets/provider-icons/auth_service_email.svg (compressed_size=228 bytes, uncompressed_size=326 bytes)
[debug] [2024-09-02T21:34:26.807Z] [unzip] Processing entry: client\assets\provider-icons\auth_service_email.svg
[debug] [2024-09-02T21:34:26.807Z] [unzip] else mkdir: C:\Users\Ngobile\.cache\firebase\emulators\ui-v1.13.0\client\assets\provider-icons
[debug] [2024-09-02T21:34:26.808Z] [unzip] deflating: C:\Users\Ngobile\.cache\firebase\emulators\ui-v1.13.0\client\assets\provider-icons\auth_service_email.svg
[debug] [2024-09-02T21:34:26.811Z] [unzip] Entry: client/assets/provider-icons/auth_service_google.svg (compressed_size=409 bytes, uncompressed_size=720 bytes)
[debug] [2024-09-02T21:34:26.811Z] [unzip] Processing entry: client\assets\provider-icons\auth_service_google.svg
[debug] [2024-09-02T21:34:26.811Z] [unzip] else mkdir: C:\Users\Ngobile\.cache\firebase\emulators\ui-v1.13.0\client\assets\provider-icons
[debug] [2024-09-02T21:34:26.812Z] [unzip] deflating: C:\Users\Ngobile\.cache\firebase\emulators\ui-v1.13.0\client\assets\provider-icons\auth_service_google.svg
[debug] [2024-09-02T21:34:26.814Z] [unzip] Entry: client/assets/provider-icons/auth_service_oidc.svg (compressed_size=414 bytes, uncompressed_size=858 bytes)
[debug] [2024-09-02T21:34:26.814Z] [unzip] Processing entry: client\assets\provider-icons\auth_service_oidc.svg
[debug] [2024-09-02T21:34:26.814Z] [unzip] else mkdir: C:\Users\Ngobile\.cache\firebase\emulators\ui-v1.13.0\client\assets\provider-icons
[debug] [2024-09-02T21:34:26.815Z] [unzip] deflating: C:\Users\Ngobile\.cache\firebase\emulators\ui-v1.13.0\client\assets\provider-icons\auth_service_oidc.svg
[debug] [2024-09-02T21:34:26.818Z] [unzip] Entry: client/browserconfig.xml (compressed_size=491 bytes, uncompressed_size=822 bytes)
[debug] [2024-09-02T21:34:26.819Z] [unzip] Processing entry: client\browserconfig.xml
[debug] [2024-09-02T21:34:26.819Z] [unzip] else mkdir: C:\Users\Ngobile\.cache\firebase\emulators\ui-v1.13.0\client
[debug] [2024-09-02T21:34:26.819Z] [unzip] deflating: C:\Users\Ngobile\.cache\firebase\emulators\ui-v1.13.0\client\browserconfig.xml
[debug] [2024-09-02T21:34:26.821Z] [unzip] Entry: client/favicon-32x32.png (compressed_size=475 bytes, uncompressed_size=475 bytes)
[debug] [2024-09-02T21:34:26.822Z] [unzip] Processing entry: client\favicon-32x32.png
[debug] [2024-09-02T21:34:26.822Z] [unzip] else mkdir: C:\Users\Ngobile\.cache\firebase\emulators\ui-v1.13.0\client
[debug] [2024-09-02T21:34:26.824Z] [unzip] Writing file: C:\Users\Ngobile\.cache\firebase\emulators\ui-v1.13.0\client\favicon-32x32.png
[debug] [2024-09-02T21:34:26.825Z] [unzip] Entry: server/ (compressed_size=0 bytes, uncompressed_size=0 bytes)
[debug] [2024-09-02T21:34:26.826Z] [unzip] Processing entry: server\
[debug] [2024-09-02T21:34:26.826Z] [unzip] mkdir: C:\Users\Ngobile\.cache\firebase\emulators\ui-v1.13.0\server\
[debug] [2024-09-02T21:34:26.826Z] [unzip] Entry: server/server.mjs.map (compressed_size=294629 bytes, uncompressed_size=1346672 bytes)
[debug] [2024-09-02T21:34:26.826Z] [unzip] Processing entry: server\server.mjs.map
[debug] [2024-09-02T21:34:26.827Z] [unzip] else mkdir: C:\Users\Ngobile\.cache\firebase\emulators\ui-v1.13.0\server
[debug] [2024-09-02T21:34:26.827Z] [unzip] deflating: C:\Users\Ngobile\.cache\firebase\emulators\ui-v1.13.0\server\server.mjs.map
[debug] [2024-09-02T21:34:26.855Z] [unzip] Entry: server/server.mjs (compressed_size=314679 bytes, uncompressed_size=1167517 bytes)
[debug] [2024-09-02T21:34:26.855Z] [unzip] Processing entry: server\server.mjs
[debug] [2024-09-02T21:34:26.855Z] [unzip] else mkdir: C:\Users\Ngobile\.cache\firebase\emulators\ui-v1.13.0\server
[debug] [2024-09-02T21:34:26.855Z] [unzip] deflating: C:\Users\Ngobile\.cache\firebase\emulators\ui-v1.13.0\server\server.mjs
[debug] [2024-09-02T21:34:26.879Z] [unzip] Entry: server/assets/ (compressed_size=0 bytes, uncompressed_size=0 bytes)
[debug] [2024-09-02T21:34:26.880Z] [unzip] Processing entry: server\assets\
[debug] [2024-09-02T21:34:26.880Z] [unzip] mkdir: C:\Users\Ngobile\.cache\firebase\emulators\ui-v1.13.0\server\assets\
[debug] [2024-09-02T21:34:26.882Z] [unzip] Entry: server/assets/multipart-parser-DGCUZdXu.mjs.map (compressed_size=4791 bytes, uncompressed_size=17918 bytes)
[debug] [2024-09-02T21:34:26.882Z] [unzip] Processing entry: server\assets\multipart-parser-DGCUZdXu.mjs.map
[debug] [2024-09-02T21:34:26.885Z] [unzip] else mkdir: C:\Users\Ngobile\.cache\firebase\emulators\ui-v1.13.0\server\assets
[debug] [2024-09-02T21:34:26.887Z] [unzip] deflating: C:\Users\Ngobile\.cache\firebase\emulators\ui-v1.13.0\server\assets\multipart-parser-DGCUZdXu.mjs.map
[debug] [2024-09-02T21:34:26.889Z] [unzip] Entry: server/assets/multipart-parser-DGCUZdXu.mjs (compressed_size=2621 bytes, uncompressed_size=10390 bytes)
[debug] [2024-09-02T21:34:26.889Z] [unzip] Processing entry: server\assets\multipart-parser-DGCUZdXu.mjs
[debug] [2024-09-02T21:34:26.889Z] [unzip] else mkdir: C:\Users\Ngobile\.cache\firebase\emulators\ui-v1.13.0\server\assets
[debug] [2024-09-02T21:34:26.890Z] [unzip] deflating: C:\Users\Ngobile\.cache\firebase\emulators\ui-v1.13.0\server\assets\multipart-parser-DGCUZdXu.mjs
[debug] [2024-09-02T21:34:26.895Z] Ignoring unsupported arg: auto_download {"metadata":{"emulator":{"name":"ui"},"message":"Ignoring unsupported arg: auto_download"}}
[debug] [2024-09-02T21:34:26.896Z] Ignoring unsupported arg: port {"metadata":{"emulator":{"name":"ui"},"message":"Ignoring unsupported arg: port"}}
[debug] [2024-09-02T21:34:26.896Z] Starting Emulator UI with command {"binary":"node","args":["C:\\Users\\Ngobile\\.cache\\firebase\\emulators\\ui-v1.13.0\\server\\server.mjs"],"optionalArgs":[],"joinArgs":false,"shell":false} {"metadata":{"emulator":{"name":"ui"},"message":"Starting Emulator UI with command {\"binary\":\"node\",\"args\":[\"C:\\\\Users\\\\Ngobile\\\\.cache\\\\firebase\\\\emulators\\\\ui-v1.13.0\\\\server\\\\server.mjs\"],\"optionalArgs\":[],\"joinArgs\":false,\"shell\":false}"}}
[info] i  ui: Emulator UI logging to ui-debug.log {"metadata":{"emulator":{"name":"ui"},"message":"Emulator UI logging to \u001b[1mui-debug.log\u001b[22m"}}
[debug] [2024-09-02T21:34:27.336Z] Web / API server started at 127.0.0.1:4000
 {"metadata":{"emulator":{"name":"ui"},"message":"Web / API server started at 127.0.0.1:4000\n"}}
[info] i  functions: Watching "C:\Users\Ngobile\Desktop\Amazon-Clone\amazon\functions" for Cloud Functions... {"metadata":{"emulator":{"name":"functions"},"message":"Watching \"C:\\Users\\Ngobile\\Desktop\\Amazon-Clone\\amazon\\functions\" for Cloud Functions..."}}
[debug] [2024-09-02T21:34:27.359Z] Validating nodejs source
[debug] [2024-09-02T21:34:37.415Z] checkFunctionsSDKVersion was unable to fetch information from NPM Error: spawnSync C:\Windows\system32\cmd.exe ETIMEDOUT
    at Object.spawnSync (node:internal/child_process:1124:20)
    at Object.spawnSync (node:child_process:876:24)
    at Function.spawnSync [as sync] (C:\Users\Ngobile\AppData\Roaming\npm\node_modules\firebase-tools\node_modules\cross-spawn\index.js:26:23)
    at Object.getLatestSDKVersion (C:\Users\Ngobile\AppData\Roaming\npm\node_modules\firebase-tools\lib\deploy\functions\runtimes\node\versioning.js:54:25)
    at Object.checkFunctionsSDKVersion (C:\Users\Ngobile\AppData\Roaming\npm\node_modules\firebase-tools\lib\deploy\functions\runtimes\node\versioning.js:74:32)
    at Delegate.validate (C:\Users\Ngobile\AppData\Roaming\npm\node_modules\firebase-tools\lib\deploy\functions\runtimes\node\index.js:85:20)
    at FunctionsEmulator.discoverTriggers (C:\Users\Ngobile\AppData\Roaming\npm\node_modules\firebase-tools\lib\emulator\functionsEmulator.js:303:35)
    at async FunctionsEmulator.loadTriggers (C:\Users\Ngobile\AppData\Roaming\npm\node_modules\firebase-tools\lib\emulator\functionsEmulator.js:339:34)
    at async FunctionsEmulator.connect (C:\Users\Ngobile\AppData\Roaming\npm\node_modules\firebase-tools\lib\emulator\functionsEmulator.js:269:13)
    at async Object.startAll (C:\Users\Ngobile\AppData\Roaming\npm\node_modules\firebase-tools\lib\emulator\controller.js:600:13)
[debug] [2024-09-02T21:34:37.417Z] > [functions] package.json contents: {
  "name": "functions",
  "description": "Cloud Functions for Firebase",
  "scripts": {
    "lint": "eslint .",
    "serve": "firebase emulators:start --only functions",
    "shell": "firebase functions:shell",
    "start": "npm run shell",
    "deploy": "firebase deploy --only functions",
    "logs": "firebase functions:log"
  },
  "engines": {
    "node": "18"
  },
  "main": "index.js",
  "dependencies": {
    "cors": "^2.8.5",
    "express": "^4.19.2",
    "firebase-admin": "^12.1.0",
    "firebase-functions": "^5.0.0",
    "stripe": "^16.9.0"
  },
  "devDependencies": {
    "eslint": "^8.15.0",
    "eslint-config-google": "^0.14.0",
    "firebase-functions-test": "^3.1.0"
  },
  "private": true
}
[debug] [2024-09-02T21:34:37.418Z] Building nodejs source
[debug] [2024-09-02T21:34:37.419Z] Failed to find version of module node: reached end of search path C:\Users\Ngobile\Desktop\Amazon-Clone\amazon\functions\node_modules
[warn] !  functions: Your requested "node" version "18" doesn't match your global version "20". Using node@20 from host. 
[debug] [2024-09-02T21:34:37.424Z] Web / API server started at ::1:4000
 {"metadata":{"emulator":{"name":"ui"},"message":"Web / API server started at ::1:4000\n"}}
[debug] [2024-09-02T21:34:37.425Z] Could not find functions.yaml. Must use http discovery
[debug] [2024-09-02T21:34:37.441Z] Found firebase-functions binary at 'C:\Users\Ngobile\Desktop\Amazon-Clone\amazon\functions\node_modules\.bin\firebase-functions'
[info] Serving at port 8173

[debug] [2024-09-02T21:34:41.364Z] Got response from /__/functions.yaml {"endpoints":{"api":{"platform":"gcfv1","availableMemoryMb":null,"timeoutSeconds":null,"minInstances":null,"maxInstances":null,"ingressSettings":null,"serviceAccountEmail":null,"vpc":null,"httpsTrigger":{},"entryPoint":"api"}},"specVersion":"v1alpha1","requiredAPIs":[],"extensions":{}}
[info] +  functions: Loaded functions definitions from source: api. {"metadata":{"emulator":{"name":"functions"},"message":"Loaded functions definitions from source: api."}}
[info] +  functions[us-central1-api]: http function initialized (http://127.0.0.1:5001/clone-2ef21/us-central1/api). {"metadata":{"emulator":{"name":"functions"},"message":"\u001b[1mhttp\u001b[22m function initialized (http://127.0.0.1:5001/clone-2ef21/us-central1/api)."}}
[info] 
┌─────────────────────────────────────────────────────────────┐
│ ✔  All emulators ready! It is now safe to connect your app. │
│ i  View Emulator UI at http://127.0.0.1:4000/               │
└─────────────────────────────────────────────────────────────┘

┌───────────┬────────────────┬─────────────────────────────────┐
│ Emulator  │ Host:Port      │ View in Emulator UI             │
├───────────┼────────────────┼─────────────────────────────────┤
│ Functions │ 127.0.0.1:5001 │ http://127.0.0.1:4000/functions │
└───────────┴────────────────┴─────────────────────────────────┘
  Emulator Hub running at 127.0.0.1:4400
  Other reserved ports: 4500

Issues? Report them at https://github.com/firebase/firebase-tools/issues and attach the *-debug.log files.
 
[debug] [2024-09-02T21:36:10.433Z] [work-queue] {"queuedWork":["/clone-2ef21/us-central1/api-2024-09-02T21:36:10.433Z"],"queueLength":1,"runningWork":[],"workRunningCount":0}
[debug] [2024-09-02T21:36:10.434Z] [work-queue] {"queuedWork":[],"queueLength":0,"runningWork":["/clone-2ef21/us-central1/api-2024-09-02T21:36:10.433Z"],"workRunningCount":1}
[debug] [2024-09-02T21:36:10.435Z] Accepted request GET /clone-2ef21/us-central1/api --> us-central1-api
[debug] [2024-09-02T21:36:10.440Z] [functions] Runtime ready! Sending request! {"metadata":{"emulator":{"name":"functions"},"message":"[functions] Runtime ready! Sending request!"}}
[debug] [2024-09-02T21:36:10.441Z] [functions] Got req.url=/clone-2ef21/us-central1/api, mapping to path=/ {"metadata":{"emulator":{"name":"functions"},"message":"[functions] Got req.url=/clone-2ef21/us-central1/api, mapping to path=/"}}
[debug] [2024-09-02T21:36:10.465Z] [worker-pool] addWorker(us-central1-api) {"metadata":{"emulator":{"name":"functions"},"message":"[worker-pool] addWorker(us-central1-api)"}}
[debug] [2024-09-02T21:36:10.467Z] [worker-pool] Adding worker with key us-central1-api, total=1 {"metadata":{"emulator":{"name":"functions"},"message":"[worker-pool] Adding worker with key us-central1-api, total=1"}}
[debug] [2024-09-02T21:36:14.160Z] [runtime-status] [16264] Resolved module firebase-admin {"declared":true,"installed":true,"version":"12.4.0","resolution":"C:\\Users\\Ngobile\\Desktop\\Amazon-Clone\\amazon\\functions\\node_modules\\firebase-admin\\lib\\index.js"} {"metadata":{"emulator":{"name":"functions"},"function":{"name":"us-central1-api"},"extension":{},"message":"[runtime-status] [16264] Resolved module firebase-admin {\"declared\":true,\"installed\":true,\"version\":\"12.4.0\",\"resolution\":\"C:\\\\Users\\\\Ngobile\\\\Desktop\\\\Amazon-Clone\\\\amazon\\\\functions\\\\node_modules\\\\firebase-admin\\\\lib\\\\index.js\"}"}}
[debug] [2024-09-02T21:36:14.163Z] [runtime-status] [16264] Resolved module firebase-functions {"declared":true,"installed":true,"version":"5.1.1","resolution":"C:\\Users\\Ngobile\\Desktop\\Amazon-Clone\\amazon\\functions\\node_modules\\firebase-functions\\lib\\v1\\index.js"} {"metadata":{"emulator":{"name":"functions"},"function":{"name":"us-central1-api"},"extension":{},"message":"[runtime-status] [16264] Resolved module firebase-functions {\"declared\":true,\"installed\":true,\"version\":\"5.1.1\",\"resolution\":\"C:\\\\Users\\\\Ngobile\\\\Desktop\\\\Amazon-Clone\\\\amazon\\\\functions\\\\node_modules\\\\firebase-functions\\\\lib\\\\v1\\\\index.js\"}"}}
[debug] [2024-09-02T21:36:14.164Z] [runtime-status] [16264] Outgoing network have been stubbed. [{"name":"http","status":"mocked"},{"name":"http","status":"mocked"},{"name":"https","status":"mocked"},{"name":"https","status":"mocked"},{"name":"net","status":"mocked"}] {"metadata":{"emulator":{"name":"functions"},"function":{"name":"us-central1-api"},"extension":{},"message":"[runtime-status] [16264] Outgoing network have been stubbed. [{\"name\":\"http\",\"status\":\"mocked\"},{\"name\":\"http\",\"status\":\"mocked\"},{\"name\":\"https\",\"status\":\"mocked\"},{\"name\":\"https\",\"status\":\"mocked\"},{\"name\":\"net\",\"status\":\"mocked\"}]"}}
[debug] [2024-09-02T21:36:14.167Z] [runtime-status] [16264] Resolved module firebase-functions {"declared":true,"installed":true,"version":"5.1.1","resolution":"C:\\Users\\Ngobile\\Desktop\\Amazon-Clone\\amazon\\functions\\node_modules\\firebase-functions\\lib\\v1\\index.js"} {"metadata":{"emulator":{"name":"functions"},"function":{"name":"us-central1-api"},"extension":{},"message":"[runtime-status] [16264] Resolved module firebase-functions {\"declared\":true,\"installed\":true,\"version\":\"5.1.1\",\"resolution\":\"C:\\\\Users\\\\Ngobile\\\\Desktop\\\\Amazon-Clone\\\\amazon\\\\functions\\\\node_modules\\\\firebase-functions\\\\lib\\\\v1\\\\index.js\"}"}}
[debug] [2024-09-02T21:36:14.882Z] [runtime-status] [16264] Checked functions.config() {"config":{}} {"metadata":{"emulator":{"name":"functions"},"function":{"name":"us-central1-api"},"extension":{},"message":"[runtime-status] [16264] Checked functions.config() {\"config\":{}}"}}
[debug] [2024-09-02T21:36:14.883Z] [runtime-status] [16264] firebase-functions has been stubbed. {"functionsResolution":{"declared":true,"installed":true,"version":"5.1.1","resolution":"C:\\Users\\Ngobile\\Desktop\\Amazon-Clone\\amazon\\functions\\node_modules\\firebase-functions\\lib\\v1\\index.js"}} {"metadata":{"emulator":{"name":"functions"},"function":{"name":"us-central1-api"},"extension":{},"message":"[runtime-status] [16264] firebase-functions has been stubbed. {\"functionsResolution\":{\"declared\":true,\"installed\":true,\"version\":\"5.1.1\",\"resolution\":\"C:\\\\Users\\\\Ngobile\\\\Desktop\\\\Amazon-Clone\\\\amazon\\\\functions\\\\node_modules\\\\firebase-functions\\\\lib\\\\v1\\\\index.js\"}}"}}
[debug] [2024-09-02T21:36:14.885Z] [runtime-status] [16264] Resolved module firebase-functions {"declared":true,"installed":true,"version":"5.1.1","resolution":"C:\\Users\\Ngobile\\Desktop\\Amazon-Clone\\amazon\\functions\\node_modules\\firebase-functions\\lib\\v1\\index.js"} {"metadata":{"emulator":{"name":"functions"},"function":{"name":"us-central1-api"},"extension":{},"message":"[runtime-status] [16264] Resolved module firebase-functions {\"declared\":true,\"installed\":true,\"version\":\"5.1.1\",\"resolution\":\"C:\\\\Users\\\\Ngobile\\\\Desktop\\\\Amazon-Clone\\\\amazon\\\\functions\\\\node_modules\\\\firebase-functions\\\\lib\\\\v1\\\\index.js\"}"}}
[debug] [2024-09-02T21:36:14.888Z] [runtime-status] [16264] Resolved module firebase-admin {"declared":true,"installed":true,"version":"12.4.0","resolution":"C:\\Users\\Ngobile\\Desktop\\Amazon-Clone\\amazon\\functions\\node_modules\\firebase-admin\\lib\\index.js"} {"metadata":{"emulator":{"name":"functions"},"function":{"name":"us-central1-api"},"extension":{},"message":"[runtime-status] [16264] Resolved module firebase-admin {\"declared\":true,\"installed\":true,\"version\":\"12.4.0\",\"resolution\":\"C:\\\\Users\\\\Ngobile\\\\Desktop\\\\Amazon-Clone\\\\amazon\\\\functions\\\\node_modules\\\\firebase-admin\\\\lib\\\\index.js\"}"}}
[debug] [2024-09-02T21:36:14.905Z] [runtime-status] [16264] Resolved module firebase-functions {"declared":true,"installed":true,"version":"5.1.1","resolution":"C:\\Users\\Ngobile\\Desktop\\Amazon-Clone\\amazon\\functions\\node_modules\\firebase-functions\\lib\\v1\\index.js"} {"metadata":{"emulator":{"name":"functions"},"function":{"name":"us-central1-api"},"extension":{},"message":"[runtime-status] [16264] Resolved module firebase-functions {\"declared\":true,\"installed\":true,\"version\":\"5.1.1\",\"resolution\":\"C:\\\\Users\\\\Ngobile\\\\Desktop\\\\Amazon-Clone\\\\amazon\\\\functions\\\\node_modules\\\\firebase-functions\\\\lib\\\\v1\\\\index.js\"}"}}
[debug] [2024-09-02T21:36:14.906Z] [runtime-status] [16264] firebase-admin has been stubbed. {"adminResolution":{"declared":true,"installed":true,"version":"12.4.0","resolution":"C:\\Users\\Ngobile\\Desktop\\Amazon-Clone\\amazon\\functions\\node_modules\\firebase-admin\\lib\\index.js"}} {"metadata":{"emulator":{"name":"functions"},"function":{"name":"us-central1-api"},"extension":{},"message":"[runtime-status] [16264] firebase-admin has been stubbed. {\"adminResolution\":{\"declared\":true,\"installed\":true,\"version\":\"12.4.0\",\"resolution\":\"C:\\\\Users\\\\Ngobile\\\\Desktop\\\\Amazon-Clone\\\\amazon\\\\functions\\\\node_modules\\\\firebase-admin\\\\lib\\\\index.js\"}}"}}
[debug] [2024-09-02T21:36:15.480Z] [runtime-status] [16264] Functions runtime initialized. {"cwd":"C:\\Users\\Ngobile\\Desktop\\Amazon-Clone\\amazon\\functions","node_version":"20.16.0"} {"metadata":{"emulator":{"name":"functions"},"function":{"name":"us-central1-api"},"extension":{},"message":"[runtime-status] [16264] Functions runtime initialized. {\"cwd\":\"C:\\\\Users\\\\Ngobile\\\\Desktop\\\\Amazon-Clone\\\\amazon\\\\functions\",\"node_version\":\"20.16.0\"}"}}
[debug] [2024-09-02T21:36:15.483Z] [runtime-status] [16264] Listening to port: \\?\pipe\fire_emu_1ce0061b3275314f {"metadata":{"emulator":{"name":"functions"},"function":{"name":"us-central1-api"},"extension":{},"message":"[runtime-status] [16264] Listening to port: \\\\?\\pipe\\fire_emu_1ce0061b3275314f"}}
[debug] [2024-09-02T21:36:15.510Z] [worker-us-central1-api-aca0580f-44bd-4e04-a61b-7d4c6d989846]: IDLE {"metadata":{"emulator":{"name":"functions"},"function":{"name":"us-central1-api"},"extension":{},"message":"[worker-us-central1-api-aca0580f-44bd-4e04-a61b-7d4c6d989846]: IDLE"}}
[debug] [2024-09-02T21:36:15.511Z] [worker-pool] submitRequest(triggerId=us-central1-api) {"metadata":{"emulator":{"name":"functions"},"message":"[worker-pool] submitRequest(triggerId=us-central1-api)"}}
[info] i  functions: Beginning execution of "us-central1-api" {"metadata":{"emulator":{"name":"functions"},"function":{"name":"us-central1-api"},"extension":{},"message":"Beginning execution of \"us-central1-api\""}}
[debug] [2024-09-02T21:36:15.513Z] [worker-us-central1-api-aca0580f-44bd-4e04-a61b-7d4c6d989846]: BUSY {"metadata":{"emulator":{"name":"functions"},"function":{"name":"us-central1-api"},"extension":{},"message":"[worker-us-central1-api-aca0580f-44bd-4e04-a61b-7d4c6d989846]: BUSY"}}
[debug] [2024-09-02T21:36:15.546Z] Finishing up request with event=pause {"metadata":{"emulator":{"name":"functions"},"function":{"name":"us-central1-api"},"extension":{},"message":"Finishing up request with event=pause"}}
[info] i  functions: Finished "us-central1-api" in 34.2765ms {"metadata":{"emulator":{"name":"functions"},"function":{"name":"us-central1-api"},"extension":{},"message":"Finished \"us-central1-api\" in 34.2765ms"}}
[debug] [2024-09-02T21:36:15.548Z] [worker-us-central1-api-aca0580f-44bd-4e04-a61b-7d4c6d989846]: IDLE {"metadata":{"emulator":{"name":"functions"},"function":{"name":"us-central1-api"},"extension":{},"message":"[worker-us-central1-api-aca0580f-44bd-4e04-a61b-7d4c6d989846]: IDLE"}}
[debug] [2024-09-02T21:36:15.548Z] Finishing up request with event=finish {"metadata":{"emulator":{"name":"functions"},"function":{"name":"us-central1-api"},"extension":{},"message":"Finishing up request with event=finish"}}
[debug] [2024-09-02T21:36:15.549Z] Finishing up request with event=close {"metadata":{"emulator":{"name":"functions"},"function":{"name":"us-central1-api"},"extension":{},"message":"Finishing up request with event=close"}}
[debug] [2024-09-02T21:36:15.549Z] [work-queue] {"queuedWork":[],"queueLength":0,"runningWork":[],"workRunningCount":0}
[debug] [2024-09-02T21:36:15.660Z] Functions emulator received unknown request at path /favicon.ico
[debug] [2024-09-02T21:42:19.691Z] [work-queue] {"queuedWork":["/clone-2ef21/us-central1/api-2024-09-02T21:42:19.691Z"],"queueLength":1,"runningWork":[],"workRunningCount":0}
[debug] [2024-09-02T21:42:19.692Z] [work-queue] {"queuedWork":[],"queueLength":0,"runningWork":["/clone-2ef21/us-central1/api-2024-09-02T21:42:19.691Z"],"workRunningCount":1}
[debug] [2024-09-02T21:42:19.692Z] Accepted request GET /clone-2ef21/us-central1/api --> us-central1-api
[debug] [2024-09-02T21:42:19.697Z] [functions] Runtime ready! Sending request! {"metadata":{"emulator":{"name":"functions"},"message":"[functions] Runtime ready! Sending request!"}}
[debug] [2024-09-02T21:42:19.698Z] [functions] Got req.url=/clone-2ef21/us-central1/api, mapping to path=/ {"metadata":{"emulator":{"name":"functions"},"message":"[functions] Got req.url=/clone-2ef21/us-central1/api, mapping to path=/"}}
[debug] [2024-09-02T21:42:19.698Z] [worker-pool] submitRequest(triggerId=us-central1-api) {"metadata":{"emulator":{"name":"functions"},"message":"[worker-pool] submitRequest(triggerId=us-central1-api)"}}
[info] i  functions: Beginning execution of "us-central1-api" {"metadata":{"emulator":{"name":"functions"},"function":{"name":"us-central1-api"},"extension":{},"message":"Beginning execution of \"us-central1-api\""}}
[debug] [2024-09-02T21:42:19.710Z] [worker-us-central1-api-aca0580f-44bd-4e04-a61b-7d4c6d989846]: BUSY {"metadata":{"emulator":{"name":"functions"},"function":{"name":"us-central1-api"},"extension":{},"message":"[worker-us-central1-api-aca0580f-44bd-4e04-a61b-7d4c6d989846]: BUSY"}}
[debug] [2024-09-02T21:42:19.717Z] Finishing up request with event=pause {"metadata":{"emulator":{"name":"functions"},"function":{"name":"us-central1-api"},"extension":{},"message":"Finishing up request with event=pause"}}
[info] i  functions: Finished "us-central1-api" in 7.1334ms {"metadata":{"emulator":{"name":"functions"},"function":{"name":"us-central1-api"},"extension":{},"message":"Finished \"us-central1-api\" in 7.1334ms"}}
[debug] [2024-09-02T21:42:19.726Z] [worker-us-central1-api-aca0580f-44bd-4e04-a61b-7d4c6d989846]: IDLE {"metadata":{"emulator":{"name":"functions"},"function":{"name":"us-central1-api"},"extension":{},"message":"[worker-us-central1-api-aca0580f-44bd-4e04-a61b-7d4c6d989846]: IDLE"}}
[debug] [2024-09-02T21:42:19.726Z] Finishing up request with event=finish {"metadata":{"emulator":{"name":"functions"},"function":{"name":"us-central1-api"},"extension":{},"message":"Finishing up request with event=finish"}}
[debug] [2024-09-02T21:42:19.726Z] Finishing up request with event=close {"metadata":{"emulator":{"name":"functions"},"function":{"name":"us-central1-api"},"extension":{},"message":"Finishing up request with event=close"}}
[debug] [2024-09-02T21:42:19.727Z] [work-queue] {"queuedWork":[],"queueLength":0,"runningWork":[],"workRunningCount":0}
