[debug] [2024-09-02T20:33:15.294Z] ----------------------------------------------------------------------
[debug] [2024-09-02T20:33:15.301Z] Command:       C:\Program Files\nodejs\node.exe C:\Users\Ngobile\AppData\Roaming\npm\node_modules\firebase-tools\lib\bin\firebase.js init
[debug] [2024-09-02T20:33:15.302Z] CLI Version:   13.16.0
[debug] [2024-09-02T20:33:15.302Z] Platform:      win32
[debug] [2024-09-02T20:33:15.302Z] Node Version:  v20.16.0
[debug] [2024-09-02T20:33:15.303Z] Time:          Mon Sep 02 2024 13:33:15 GMT-0700 (Pacific Daylight Time)
[debug] [2024-09-02T20:33:15.303Z] ----------------------------------------------------------------------
[debug] 
[debug] [2024-09-02T20:33:15.311Z] >>> [apiv2][query] GET https://firebase-public.firebaseio.com/cli.json [none]
[debug] [2024-09-02T20:33:15.467Z] > command requires scopes: ["email","openid","https://www.googleapis.com/auth/cloudplatformprojects.readonly","https://www.googleapis.com/auth/firebase","https://www.googleapis.com/auth/cloud-platform"]
[debug] [2024-09-02T20:33:15.468Z] > authorizing via signed-in user (nqobileamandlasibiya@gmail.com)
[info] 
     ######## #### ########  ######## ########     ###     ######  ########
     ##        ##  ##     ## ##       ##     ##  ##   ##  ##       ##
     ######    ##  ########  ######   ########  #########  ######  ######
     ##        ##  ##    ##  ##       ##     ## ##     ##       ## ##
     ##       #### ##     ## ######## ########  ##     ##  ######  ########

You're about to initialize a Firebase project in this directory:

  C:\Users\Ngobile\Desktop\Amazon-Clone\amazon

[debug] [2024-09-02T20:33:24.217Z] <<< [apiv2][status] GET https://firebase-public.firebaseio.com/cli.json 200
[debug] [2024-09-02T20:33:24.218Z] <<< [apiv2][body] GET https://firebase-public.firebaseio.com/cli.json {"cloudBuildErrorAfter":1594252800000,"cloudBuildWarnAfter":1590019200000,"defaultNode10After":1594252800000,"minVersion":"3.0.5","node8DeploysDisabledAfter":1613390400000,"node8RuntimeDisabledAfter":1615809600000,"node8WarnAfter":1600128000000}
[info] 
=== Project Setup
[info] 
[info] First, let's associate this project directory with a Firebase project.
[info] You can create multiple project aliases by running firebase use --add, 
[info] but for now we'll just set up a default project.
[info] 
[debug] [2024-09-02T20:35:20.854Z] > refreshing access token with scopes: []
[debug] [2024-09-02T20:35:20.857Z] >>> [apiv2][query] POST https://www.googleapis.com/oauth2/v3/token [none]
[debug] [2024-09-02T20:35:20.857Z] >>> [apiv2][body] POST https://www.googleapis.com/oauth2/v3/token [omitted]
[debug] [2024-09-02T20:35:27.441Z] <<< [apiv2][status] POST https://www.googleapis.com/oauth2/v3/token 200
[debug] [2024-09-02T20:35:27.442Z] <<< [apiv2][body] POST https://www.googleapis.com/oauth2/v3/token [omitted]
[debug] [2024-09-02T20:35:27.459Z] >>> [apiv2][query] GET https://firebase.googleapis.com/v1beta1/projects pageSize=100
[debug] [2024-09-02T20:35:34.333Z] <<< [apiv2][status] GET https://firebase.googleapis.com/v1beta1/projects 200
[debug] [2024-09-02T20:35:34.334Z] <<< [apiv2][body] GET https://firebase.googleapis.com/v1beta1/projects [omitted]
[info] i  Using project clone-2ef21 (amazon-clone) 
[info] 
=== Functions Setup
[debug] [2024-09-02T20:36:12.984Z] > command requires scopes: ["email","openid","https://www.googleapis.com/auth/cloudplatformprojects.readonly","https://www.googleapis.com/auth/firebase","https://www.googleapis.com/auth/cloud-platform"]
[debug] [2024-09-02T20:36:12.984Z] > authorizing via signed-in user (nqobileamandlasibiya@gmail.com)
[debug] [2024-09-02T20:36:12.984Z] [iam] checking project clone-2ef21 for permissions ["firebase.projects.get"]
[debug] [2024-09-02T20:36:12.985Z] >>> [apiv2][query] POST https://cloudresourcemanager.googleapis.com/v1/projects/clone-2ef21:testIamPermissions [none]
[debug] [2024-09-02T20:36:12.986Z] >>> [apiv2][(partial)header] POST https://cloudresourcemanager.googleapis.com/v1/projects/clone-2ef21:testIamPermissions x-goog-quota-user=projects/clone-2ef21
[debug] [2024-09-02T20:36:12.986Z] >>> [apiv2][body] POST https://cloudresourcemanager.googleapis.com/v1/projects/clone-2ef21:testIamPermissions {"permissions":["firebase.projects.get"]}
[debug] [2024-09-02T20:36:20.762Z] <<< [apiv2][status] POST https://cloudresourcemanager.googleapis.com/v1/projects/clone-2ef21:testIamPermissions 200
[debug] [2024-09-02T20:36:20.762Z] <<< [apiv2][body] POST https://cloudresourcemanager.googleapis.com/v1/projects/clone-2ef21:testIamPermissions {"permissions":["firebase.projects.get"]}
[debug] [2024-09-02T20:36:20.763Z] >>> [apiv2][query] GET https://serviceusage.googleapis.com/v1/projects/clone-2ef21/services/cloudfunctions.googleapis.com [none]
[debug] [2024-09-02T20:36:20.764Z] >>> [apiv2][(partial)header] GET https://serviceusage.googleapis.com/v1/projects/clone-2ef21/services/cloudfunctions.googleapis.com x-goog-quota-user=projects/clone-2ef21
[debug] [2024-09-02T20:36:20.767Z] >>> [apiv2][query] GET https://serviceusage.googleapis.com/v1/projects/clone-2ef21/services/runtimeconfig.googleapis.com [none]
[debug] [2024-09-02T20:36:20.767Z] >>> [apiv2][(partial)header] GET https://serviceusage.googleapis.com/v1/projects/clone-2ef21/services/runtimeconfig.googleapis.com x-goog-quota-user=projects/clone-2ef21
[debug] [2024-09-02T20:36:28.718Z] <<< [apiv2][status] GET https://serviceusage.googleapis.com/v1/projects/clone-2ef21/services/cloudfunctions.googleapis.com 200
[debug] [2024-09-02T20:36:28.719Z] <<< [apiv2][body] GET https://serviceusage.googleapis.com/v1/projects/clone-2ef21/services/cloudfunctions.googleapis.com [omitted]
[debug] [2024-09-02T20:36:28.720Z] >>> [apiv2][query] POST https://serviceusage.googleapis.com/v1/projects/clone-2ef21/services/cloudfunctions.googleapis.com:enable [none]
[debug] [2024-09-02T20:36:28.720Z] >>> [apiv2][(partial)header] POST https://serviceusage.googleapis.com/v1/projects/clone-2ef21/services/cloudfunctions.googleapis.com:enable x-goog-quota-user=projects/clone-2ef21
[debug] [2024-09-02T20:36:28.730Z] <<< [apiv2][status] GET https://serviceusage.googleapis.com/v1/projects/clone-2ef21/services/runtimeconfig.googleapis.com 200
[debug] [2024-09-02T20:36:28.731Z] <<< [apiv2][body] GET https://serviceusage.googleapis.com/v1/projects/clone-2ef21/services/runtimeconfig.googleapis.com [omitted]
[debug] [2024-09-02T20:36:30.645Z] <<< [apiv2][status] POST https://serviceusage.googleapis.com/v1/projects/clone-2ef21/services/cloudfunctions.googleapis.com:enable 200
[debug] [2024-09-02T20:36:30.645Z] <<< [apiv2][body] POST https://serviceusage.googleapis.com/v1/projects/clone-2ef21/services/cloudfunctions.googleapis.com:enable [omitted]
[debug] [2024-09-02T20:36:40.655Z] >>> [apiv2][query] GET https://serviceusage.googleapis.com/v1/projects/clone-2ef21/services/cloudfunctions.googleapis.com [none]
[debug] [2024-09-02T20:36:40.656Z] >>> [apiv2][(partial)header] GET https://serviceusage.googleapis.com/v1/projects/clone-2ef21/services/cloudfunctions.googleapis.com x-goog-quota-user=projects/clone-2ef21
[debug] [2024-09-02T20:36:42.637Z] <<< [apiv2][status] GET https://serviceusage.googleapis.com/v1/projects/clone-2ef21/services/cloudfunctions.googleapis.com 200
[debug] [2024-09-02T20:36:42.637Z] <<< [apiv2][body] GET https://serviceusage.googleapis.com/v1/projects/clone-2ef21/services/cloudfunctions.googleapis.com [omitted]
[info] Let's create a new codebase for your functions.
[info] A directory corresponding to the codebase will be created in your project
[info] with sample code pre-configured.

[info] See https://firebase.google.com/docs/functions/organize-functions for
[info] more information on organizing your functions using codebases.

[info] Functions can be deployed with firebase deploy.

[info] +  Wrote functions/package.json 
[info] +  Wrote functions/.eslintrc.js 
[info] +  Wrote functions/index.js 
[info] +  Wrote functions/.gitignore 
[info] 
[info] i  Writing configuration info to firebase.json... 
[info] i  Writing project information to .firebaserc... 
[info] 
[info] +  Firebase initialization complete! 
[debug] [2024-09-02T20:51:27.560Z] Error: Timed out.
    at Timeout._onTimeout (C:\Users\Ngobile\AppData\Roaming\npm\node_modules\firebase-tools\lib\utils.js:268:49)
    at listOnTimeout (node:internal/timers:581:17)
    at process.processTimers (node:internal/timers:519:7)
[error] 
[error] Error: An unexpected error has occurred.
[debug] [2024-09-03T19:38:34.107Z] ----------------------------------------------------------------------
[debug] [2024-09-03T19:38:34.113Z] Command:       C:\Program Files\nodejs\node.exe C:\Users\Ngobile\AppData\Roaming\npm\node_modules\firebase-tools\lib\bin\firebase.js login
[debug] [2024-09-03T19:38:34.114Z] CLI Version:   13.16.0
[debug] [2024-09-03T19:38:34.115Z] Platform:      win32
[debug] [2024-09-03T19:38:34.115Z] Node Version:  v20.16.0
[debug] [2024-09-03T19:38:34.116Z] Time:          Tue Sep 03 2024 12:38:34 GMT-0700 (Pacific Daylight Time)
[debug] [2024-09-03T19:38:34.116Z] ----------------------------------------------------------------------
[debug] 
[info] Already logged in as nqobileamandlasibiya@gmail.com
[debug] [2024-09-03T19:38:41.354Z] Error: Timed out.
    at Timeout._onTimeout (C:\Users\Ngobile\AppData\Roaming\npm\node_modules\firebase-tools\lib\utils.js:268:49)
    at listOnTimeout (node:internal/timers:581:17)
    at process.processTimers (node:internal/timers:519:7)
[error] 
[error] Error: An unexpected error has occurred.
[debug] [2024-09-03T19:39:29.342Z] ----------------------------------------------------------------------
[debug] [2024-09-03T19:39:29.350Z] Command:       C:\Program Files\nodejs\node.exe C:\Users\Ngobile\AppData\Roaming\npm\node_modules\firebase-tools\lib\bin\firebase.js emulators:start
[debug] [2024-09-03T19:39:29.351Z] CLI Version:   13.16.0
[debug] [2024-09-03T19:39:29.352Z] Platform:      win32
[debug] [2024-09-03T19:39:29.352Z] Node Version:  v20.16.0
[debug] [2024-09-03T19:39:29.353Z] Time:          Tue Sep 03 2024 12:39:29 GMT-0700 (Pacific Daylight Time)
[debug] [2024-09-03T19:39:29.353Z] ----------------------------------------------------------------------
[debug] 
[debug] [2024-09-03T19:39:29.674Z] > command requires scopes: ["email","openid","https://www.googleapis.com/auth/cloudplatformprojects.readonly","https://www.googleapis.com/auth/firebase","https://www.googleapis.com/auth/cloud-platform"]
[debug] [2024-09-03T19:39:29.675Z] > authorizing via signed-in user (nqobileamandlasibiya@gmail.com)
[info] i  emulators: Starting emulators: functions {"metadata":{"emulator":{"name":"hub"},"message":"Starting emulators: functions"}}
[debug] [2024-09-03T19:39:29.705Z] [logging] Logging Emulator only supports listening on one address (127.0.0.1). Not listening on ::1
[warn] !  ui: Emulator UI unable to start on port 4000, starting on 4001 instead. {"metadata":{"emulator":{"name":"ui"},"message":"Emulator UI unable to start on port 4000, starting on 4001 instead."}}
[debug] [2024-09-03T19:39:29.725Z] assigned listening specs for emulators {"user":{"hub":[{"address":"127.0.0.1","family":"IPv4","port":4400},{"address":"::1","family":"IPv6","port":4400}],"logging":[{"address":"127.0.0.1","family":"IPv4","port":4500}],"ui":[{"address":"127.0.0.1","family":"IPv4","port":4001},{"address":"::1","family":"IPv6","port":4001}]},"metadata":{"message":"assigned listening specs for emulators"}}
[warn] !  emulators: It seems that you are running multiple instances of the emulator suite for project clone-2ef21. This may result in unexpected behavior. 
[debug] [2024-09-03T19:39:29.745Z] [hub] writing locator at C:\Users\Ngobile\AppData\Local\Temp\hub-clone-2ef21.json
[debug] [2024-09-03T19:39:29.805Z] [functions] Functions Emulator only supports listening on one address (127.0.0.1). Not listening on ::1
[debug] [2024-09-03T19:39:29.805Z] [eventarc] Eventarc Emulator only supports listening on one address (127.0.0.1). Not listening on ::1
[debug] [2024-09-03T19:39:29.806Z] [tasks] Cloud Tasks Emulator only supports listening on one address (127.0.0.1). Not listening on ::1
[debug] [2024-09-03T19:39:29.806Z] late-assigned ports for functions and eventarc emulators {"user":{"hub":[{"address":"127.0.0.1","family":"IPv4","port":4400},{"address":"::1","family":"IPv6","port":4400}],"logging":[{"address":"127.0.0.1","family":"IPv4","port":4500}],"ui":[{"address":"127.0.0.1","family":"IPv4","port":4001},{"address":"::1","family":"IPv6","port":4001}],"functions":[{"address":"127.0.0.1","family":"IPv4","port":5001}],"eventarc":[{"address":"127.0.0.1","family":"IPv4","port":9299}],"tasks":[{"address":"127.0.0.1","family":"IPv4","port":9499}]},"metadata":{"message":"late-assigned ports for functions and eventarc emulators"}}
[warn] !  functions: The following emulators are not running, calls to these services from the Functions emulator will affect production: auth, firestore, database, hosting, pubsub, storage, dataconnect {"metadata":{"emulator":{"name":"functions"},"message":"The following emulators are not running, calls to these services from the Functions emulator will affect production: \u001b[1mauth, firestore, database, hosting, pubsub, storage, dataconnect\u001b[22m"}}
[debug] [2024-09-03T19:39:29.814Z] defaultcredentials: writing to file C:\Users\Ngobile\AppData\Roaming\firebase\nqobileamandlasibiya_gmail_com_application_default_credentials.json
[debug] [2024-09-03T19:39:29.828Z] Setting GAC to C:\Users\Ngobile\AppData\Roaming\firebase\nqobileamandlasibiya_gmail_com_application_default_credentials.json {"metadata":{"emulator":{"name":"functions"},"message":"Setting GAC to C:\\Users\\Ngobile\\AppData\\Roaming\\firebase\\nqobileamandlasibiya_gmail_com_application_default_credentials.json"}}
[debug] [2024-09-03T19:39:29.830Z] > refreshing access token with scopes: []
[debug] [2024-09-03T19:39:29.840Z] >>> [apiv2][query] POST https://www.googleapis.com/oauth2/v3/token [none]
[debug] [2024-09-03T19:39:29.840Z] >>> [apiv2][body] POST https://www.googleapis.com/oauth2/v3/token [omitted]
[debug] [2024-09-03T19:39:38.811Z] <<< [apiv2][status] POST https://www.googleapis.com/oauth2/v3/token 200
[debug] [2024-09-03T19:39:38.811Z] <<< [apiv2][body] POST https://www.googleapis.com/oauth2/v3/token [omitted]
[debug] [2024-09-03T19:39:38.829Z] >>> [apiv2][query] GET https://firebase.googleapis.com/v1beta1/projects/clone-2ef21/adminSdkConfig [none]
[debug] [2024-09-03T19:39:47.633Z] <<< [apiv2][status] GET https://firebase.googleapis.com/v1beta1/projects/clone-2ef21/adminSdkConfig 200
[debug] [2024-09-03T19:39:47.634Z] <<< [apiv2][body] GET https://firebase.googleapis.com/v1beta1/projects/clone-2ef21/adminSdkConfig {"projectId":"clone-2ef21","storageBucket":"clone-2ef21.appspot.com"}
[debug] [2024-09-03T19:39:47.687Z] Ignoring unsupported arg: auto_download {"metadata":{"emulator":{"name":"ui"},"message":"Ignoring unsupported arg: auto_download"}}
[debug] [2024-09-03T19:39:47.688Z] Ignoring unsupported arg: port {"metadata":{"emulator":{"name":"ui"},"message":"Ignoring unsupported arg: port"}}
[debug] [2024-09-03T19:39:47.688Z] Starting Emulator UI with command {"binary":"node","args":["C:\\Users\\Ngobile\\.cache\\firebase\\emulators\\ui-v1.13.0\\server\\server.mjs"],"optionalArgs":[],"joinArgs":false,"shell":false} {"metadata":{"emulator":{"name":"ui"},"message":"Starting Emulator UI with command {\"binary\":\"node\",\"args\":[\"C:\\\\Users\\\\Ngobile\\\\.cache\\\\firebase\\\\emulators\\\\ui-v1.13.0\\\\server\\\\server.mjs\"],\"optionalArgs\":[],\"joinArgs\":false,\"shell\":false}"}}
[info] i  ui: Emulator UI logging to ui-debug.log {"metadata":{"emulator":{"name":"ui"},"message":"Emulator UI logging to \u001b[1mui-debug.log\u001b[22m"}}
[debug] [2024-09-03T19:39:48.046Z] Web / API server started at 127.0.0.1:4001
 {"metadata":{"emulator":{"name":"ui"},"message":"Web / API server started at 127.0.0.1:4001\n"}}
[debug] [2024-09-03T19:39:48.047Z] Web / API server started at ::1:4001
 {"metadata":{"emulator":{"name":"ui"},"message":"Web / API server started at ::1:4001\n"}}
[info] i  functions: Watching "C:\Users\Ngobile\Desktop\Amazon-Clone\amazon\functions" for Cloud Functions... {"metadata":{"emulator":{"name":"functions"},"message":"Watching \"C:\\Users\\Ngobile\\Desktop\\Amazon-Clone\\amazon\\functions\" for Cloud Functions..."}}
[debug] [2024-09-03T19:39:48.165Z] Validating nodejs source
[debug] [2024-09-03T19:39:58.225Z] checkFunctionsSDKVersion was unable to fetch information from NPM Error: spawnSync C:\Windows\system32\cmd.exe ETIMEDOUT
    at Object.spawnSync (node:internal/child_process:1124:20)
    at Object.spawnSync (node:child_process:876:24)
    at Function.spawnSync [as sync] (C:\Users\Ngobile\AppData\Roaming\npm\node_modules\firebase-tools\node_modules\cross-spawn\index.js:26:23)
    at Object.getLatestSDKVersion (C:\Users\Ngobile\AppData\Roaming\npm\node_modules\firebase-tools\lib\deploy\functions\runtimes\node\versioning.js:54:25)
    at Object.checkFunctionsSDKVersion (C:\Users\Ngobile\AppData\Roaming\npm\node_modules\firebase-tools\lib\deploy\functions\runtimes\node\versioning.js:74:32)
    at Delegate.validate (C:\Users\Ngobile\AppData\Roaming\npm\node_modules\firebase-tools\lib\deploy\functions\runtimes\node\index.js:85:20)
    at FunctionsEmulator.discoverTriggers (C:\Users\Ngobile\AppData\Roaming\npm\node_modules\firebase-tools\lib\emulator\functionsEmulator.js:303:35)
    at async FunctionsEmulator.loadTriggers (C:\Users\Ngobile\AppData\Roaming\npm\node_modules\firebase-tools\lib\emulator\functionsEmulator.js:339:34)
    at async FunctionsEmulator.connect (C:\Users\Ngobile\AppData\Roaming\npm\node_modules\firebase-tools\lib\emulator\functionsEmulator.js:269:13)
    at async Object.startAll (C:\Users\Ngobile\AppData\Roaming\npm\node_modules\firebase-tools\lib\emulator\controller.js:600:13)
[debug] [2024-09-03T19:39:58.226Z] > [functions] package.json contents: {
  "name": "functions",
  "description": "Cloud Functions for Firebase",
  "scripts": {
    "lint": "eslint .",
    "serve": "firebase emulators:start --only functions",
    "shell": "firebase functions:shell",
    "start": "npm run shell",
    "deploy": "firebase deploy --only functions",
    "logs": "firebase functions:log"
  },
  "engines": {
    "node": "18"
  },
  "main": "index.js",
  "dependencies": {
    "cors": "^2.8.5",
    "express": "^4.19.2",
    "firebase-admin": "^12.1.0",
    "firebase-functions": "^5.0.0",
    "stripe": "^16.9.0"
  },
  "devDependencies": {
    "eslint": "^8.15.0",
    "eslint-config-google": "^0.14.0",
    "firebase-functions-test": "^3.1.0"
  },
  "private": true
}
[debug] [2024-09-03T19:39:58.227Z] Building nodejs source
[debug] [2024-09-03T19:39:58.228Z] Failed to find version of module node: reached end of search path C:\Users\Ngobile\Desktop\Amazon-Clone\amazon\functions\node_modules
[warn] !  functions: Your requested "node" version "18" doesn't match your global version "20". Using node@20 from host. 
[debug] [2024-09-03T19:39:58.232Z] Could not find functions.yaml. Must use http discovery
[debug] [2024-09-03T19:39:58.252Z] Found firebase-functions binary at 'C:\Users\Ngobile\Desktop\Amazon-Clone\amazon\functions\node_modules\.bin\firebase-functions'
[info] Serving at port 8679

[debug] [2024-09-03T19:40:00.366Z] Got response from /__/functions.yaml {"endpoints":{"api":{"platform":"gcfv1","availableMemoryMb":null,"timeoutSeconds":null,"minInstances":null,"maxInstances":null,"ingressSettings":null,"serviceAccountEmail":null,"vpc":null,"httpsTrigger":{},"entryPoint":"api"}},"specVersion":"v1alpha1","requiredAPIs":[],"extensions":{}}
[info] +  functions: Loaded functions definitions from source: api. {"metadata":{"emulator":{"name":"functions"},"message":"Loaded functions definitions from source: api."}}
[info] +  functions[us-central1-api]: http function initialized (http://127.0.0.1:5001/clone-2ef21/us-central1/api). {"metadata":{"emulator":{"name":"functions"},"message":"\u001b[1mhttp\u001b[22m function initialized (http://127.0.0.1:5001/clone-2ef21/us-central1/api)."}}
[info] 
┌─────────────────────────────────────────────────────────────┐
│ ✔  All emulators ready! It is now safe to connect your app. │
│ i  View Emulator UI at http://127.0.0.1:4001/               │
└─────────────────────────────────────────────────────────────┘

┌───────────┬────────────────┬─────────────────────────────────┐
│ Emulator  │ Host:Port      │ View in Emulator UI             │
├───────────┼────────────────┼─────────────────────────────────┤
│ Functions │ 127.0.0.1:5001 │ http://127.0.0.1:4001/functions │
└───────────┴────────────────┴─────────────────────────────────┘
  Emulator Hub running at 127.0.0.1:4400
  Other reserved ports: 4500

Issues? Report them at https://github.com/firebase/firebase-tools/issues and attach the *-debug.log files.
 
[debug] [2024-09-03T19:47:11.045Z] File C:\Users\Ngobile\Desktop\Amazon-Clone\amazon\functions\index.js changed, reloading triggers {"metadata":{"emulator":{"name":"functions"},"message":"File C:\\Users\\Ngobile\\Desktop\\Amazon-Clone\\amazon\\functions\\index.js changed, reloading triggers"}}
[debug] [2024-09-03T19:47:12.060Z] Validating nodejs source
[debug] [2024-09-03T19:47:15.320Z] > [functions] package.json contents: {
  "name": "functions",
  "description": "Cloud Functions for Firebase",
  "scripts": {
    "lint": "eslint .",
    "serve": "firebase emulators:start --only functions",
    "shell": "firebase functions:shell",
    "start": "npm run shell",
    "deploy": "firebase deploy --only functions",
    "logs": "firebase functions:log"
  },
  "engines": {
    "node": "18"
  },
  "main": "index.js",
  "dependencies": {
    "cors": "^2.8.5",
    "express": "^4.19.2",
    "firebase-admin": "^12.1.0",
    "firebase-functions": "^5.0.0",
    "stripe": "^16.9.0"
  },
  "devDependencies": {
    "eslint": "^8.15.0",
    "eslint-config-google": "^0.14.0",
    "firebase-functions-test": "^3.1.0"
  },
  "private": true
}
[debug] [2024-09-03T19:47:15.321Z] Building nodejs source
[debug] [2024-09-03T19:47:15.321Z] Failed to find version of module node: reached end of search path C:\Users\Ngobile\Desktop\Amazon-Clone\amazon\functions\node_modules
[warn] !  functions: Your requested "node" version "18" doesn't match your global version "20". Using node@20 from host. 
[debug] [2024-09-03T19:47:15.326Z] Could not find functions.yaml. Must use http discovery
[debug] [2024-09-03T19:47:15.341Z] Found firebase-functions binary at 'C:\Users\Ngobile\Desktop\Amazon-Clone\amazon\functions\node_modules\.bin\firebase-functions'
[info] Serving at port 8046

[debug] [2024-09-03T19:47:18.207Z] File C:\Users\Ngobile\Desktop\Amazon-Clone\amazon\functions\index.js changed, reloading triggers {"metadata":{"emulator":{"name":"functions"},"message":"File C:\\Users\\Ngobile\\Desktop\\Amazon-Clone\\amazon\\functions\\index.js changed, reloading triggers"}}
[debug] [2024-09-03T19:47:18.602Z] Got response from /__/functions.yaml {"endpoints":{"api":{"platform":"gcfv1","availableMemoryMb":null,"timeoutSeconds":null,"minInstances":null,"maxInstances":null,"ingressSettings":null,"serviceAccountEmail":null,"vpc":null,"httpsTrigger":{},"entryPoint":"api"}},"specVersion":"v1alpha1","requiredAPIs":[],"extensions":{}}
[debug] [2024-09-03T19:47:19.223Z] Validating nodejs source
[debug] [2024-09-03T19:47:24.427Z] > [functions] package.json contents: {
  "name": "functions",
  "description": "Cloud Functions for Firebase",
  "scripts": {
    "lint": "eslint .",
    "serve": "firebase emulators:start --only functions",
    "shell": "firebase functions:shell",
    "start": "npm run shell",
    "deploy": "firebase deploy --only functions",
    "logs": "firebase functions:log"
  },
  "engines": {
    "node": "18"
  },
  "main": "index.js",
  "dependencies": {
    "cors": "^2.8.5",
    "express": "^4.19.2",
    "firebase-admin": "^12.1.0",
    "firebase-functions": "^5.0.0",
    "stripe": "^16.9.0"
  },
  "devDependencies": {
    "eslint": "^8.15.0",
    "eslint-config-google": "^0.14.0",
    "firebase-functions-test": "^3.1.0"
  },
  "private": true
}
[debug] [2024-09-03T19:47:24.427Z] Building nodejs source
[debug] [2024-09-03T19:47:24.428Z] Failed to find version of module node: reached end of search path C:\Users\Ngobile\Desktop\Amazon-Clone\amazon\functions\node_modules
[warn] !  functions: Your requested "node" version "18" doesn't match your global version "20". Using node@20 from host. 
[debug] [2024-09-03T19:47:24.430Z] Could not find functions.yaml. Must use http discovery
[debug] [2024-09-03T19:47:24.442Z] Found firebase-functions binary at 'C:\Users\Ngobile\Desktop\Amazon-Clone\amazon\functions\node_modules\.bin\firebase-functions'
[info] +  functions: Loaded functions definitions from source: api. {"metadata":{"emulator":{"name":"functions"},"message":"Loaded functions definitions from source: api."}}
[debug] [2024-09-03T19:47:24.471Z] File C:\Users\Ngobile\Desktop\Amazon-Clone\amazon\functions\index.js changed, reloading triggers {"metadata":{"emulator":{"name":"functions"},"message":"File C:\\Users\\Ngobile\\Desktop\\Amazon-Clone\\amazon\\functions\\index.js changed, reloading triggers"}}
[info] Serving at port 8503

[debug] [2024-09-03T19:47:25.485Z] Validating nodejs source
[debug] [2024-09-03T19:47:30.865Z] > [functions] package.json contents: {
  "name": "functions",
  "description": "Cloud Functions for Firebase",
  "scripts": {
    "lint": "eslint .",
    "serve": "firebase emulators:start --only functions",
    "shell": "firebase functions:shell",
    "start": "npm run shell",
    "deploy": "firebase deploy --only functions",
    "logs": "firebase functions:log"
  },
  "engines": {
    "node": "18"
  },
  "main": "index.js",
  "dependencies": {
    "cors": "^2.8.5",
    "express": "^4.19.2",
    "firebase-admin": "^12.1.0",
    "firebase-functions": "^5.0.0",
    "stripe": "^16.9.0"
  },
  "devDependencies": {
    "eslint": "^8.15.0",
    "eslint-config-google": "^0.14.0",
    "firebase-functions-test": "^3.1.0"
  },
  "private": true
}
[debug] [2024-09-03T19:47:30.865Z] Building nodejs source
[debug] [2024-09-03T19:47:30.866Z] Failed to find version of module node: reached end of search path C:\Users\Ngobile\Desktop\Amazon-Clone\amazon\functions\node_modules
[warn] !  functions: Your requested "node" version "18" doesn't match your global version "20". Using node@20 from host. 
[debug] [2024-09-03T19:47:30.871Z] Could not find functions.yaml. Must use http discovery
[debug] [2024-09-03T19:47:30.884Z] Found firebase-functions binary at 'C:\Users\Ngobile\Desktop\Amazon-Clone\amazon\functions\node_modules\.bin\firebase-functions'
[debug] [2024-09-03T19:47:30.909Z] Got response from /__/functions.yaml {"endpoints":{"api":{"platform":"gcfv1","availableMemoryMb":null,"timeoutSeconds":null,"minInstances":null,"maxInstances":null,"ingressSettings":null,"serviceAccountEmail":null,"vpc":null,"httpsTrigger":{},"entryPoint":"api"}},"specVersion":"v1alpha1","requiredAPIs":[],"extensions":{}}
[debug] [2024-09-03T19:47:30.919Z] File C:\Users\Ngobile\Desktop\Amazon-Clone\amazon\functions\index.js changed, reloading triggers {"metadata":{"emulator":{"name":"functions"},"message":"File C:\\Users\\Ngobile\\Desktop\\Amazon-Clone\\amazon\\functions\\index.js changed, reloading triggers"}}
[debug] [2024-09-03T19:47:31.164Z] File C:\Users\Ngobile\Desktop\Amazon-Clone\amazon\functions\index.js changed, reloading triggers {"metadata":{"emulator":{"name":"functions"},"message":"File C:\\Users\\Ngobile\\Desktop\\Amazon-Clone\\amazon\\functions\\index.js changed, reloading triggers"}}
[debug] [2024-09-03T19:47:32.175Z] Validating nodejs source
[debug] [2024-09-03T19:47:37.942Z] > [functions] package.json contents: {
  "name": "functions",
  "description": "Cloud Functions for Firebase",
  "scripts": {
    "lint": "eslint .",
    "serve": "firebase emulators:start --only functions",
    "shell": "firebase functions:shell",
    "start": "npm run shell",
    "deploy": "firebase deploy --only functions",
    "logs": "firebase functions:log"
  },
  "engines": {
    "node": "18"
  },
  "main": "index.js",
  "dependencies": {
    "cors": "^2.8.5",
    "express": "^4.19.2",
    "firebase-admin": "^12.1.0",
    "firebase-functions": "^5.0.0",
    "stripe": "^16.9.0"
  },
  "devDependencies": {
    "eslint": "^8.15.0",
    "eslint-config-google": "^0.14.0",
    "firebase-functions-test": "^3.1.0"
  },
  "private": true
}
[debug] [2024-09-03T19:47:37.942Z] Building nodejs source
[debug] [2024-09-03T19:47:37.942Z] Failed to find version of module node: reached end of search path C:\Users\Ngobile\Desktop\Amazon-Clone\amazon\functions\node_modules
[warn] !  functions: Your requested "node" version "18" doesn't match your global version "20". Using node@20 from host. 
[debug] [2024-09-03T19:47:37.948Z] Could not find functions.yaml. Must use http discovery
[debug] [2024-09-03T19:47:37.961Z] Found firebase-functions binary at 'C:\Users\Ngobile\Desktop\Amazon-Clone\amazon\functions\node_modules\.bin\firebase-functions'
[info] Serving at port 8578

[info] +  functions: Loaded functions definitions from source: api. {"metadata":{"emulator":{"name":"functions"},"message":"Loaded functions definitions from source: api."}}
[debug] [2024-09-03T19:47:37.993Z] File C:\Users\Ngobile\Desktop\Amazon-Clone\amazon\functions\index.js changed, reloading triggers {"metadata":{"emulator":{"name":"functions"},"message":"File C:\\Users\\Ngobile\\Desktop\\Amazon-Clone\\amazon\\functions\\index.js changed, reloading triggers"}}
[debug] [2024-09-03T19:47:39.011Z] Validating nodejs source
[debug] [2024-09-03T19:47:44.973Z] > [functions] package.json contents: {
  "name": "functions",
  "description": "Cloud Functions for Firebase",
  "scripts": {
    "lint": "eslint .",
    "serve": "firebase emulators:start --only functions",
    "shell": "firebase functions:shell",
    "start": "npm run shell",
    "deploy": "firebase deploy --only functions",
    "logs": "firebase functions:log"
  },
  "engines": {
    "node": "18"
  },
  "main": "index.js",
  "dependencies": {
    "cors": "^2.8.5",
    "express": "^4.19.2",
    "firebase-admin": "^12.1.0",
    "firebase-functions": "^5.0.0",
    "stripe": "^16.9.0"
  },
  "devDependencies": {
    "eslint": "^8.15.0",
    "eslint-config-google": "^0.14.0",
    "firebase-functions-test": "^3.1.0"
  },
  "private": true
}
[debug] [2024-09-03T19:47:44.974Z] Building nodejs source
[debug] [2024-09-03T19:47:44.974Z] Failed to find version of module node: reached end of search path C:\Users\Ngobile\Desktop\Amazon-Clone\amazon\functions\node_modules
[warn] !  functions: Your requested "node" version "18" doesn't match your global version "20". Using node@20 from host. 
[debug] [2024-09-03T19:47:44.981Z] Could not find functions.yaml. Must use http discovery
[debug] [2024-09-03T19:47:44.996Z] Found firebase-functions binary at 'C:\Users\Ngobile\Desktop\Amazon-Clone\amazon\functions\node_modules\.bin\firebase-functions'
[info] Serving at port 8214

[debug] [2024-09-03T19:47:45.059Z] File C:\Users\Ngobile\Desktop\Amazon-Clone\amazon\functions\index.js changed, reloading triggers {"metadata":{"emulator":{"name":"functions"},"message":"File C:\\Users\\Ngobile\\Desktop\\Amazon-Clone\\amazon\\functions\\index.js changed, reloading triggers"}}
[error] C:\Users\Ngobile\Desktop\Amazon-Clone\amazon\functions\index.js:20
    res.status(201).send({clientSecret:})
                                       ^

SyntaxError: Unexpected token '}'
    at wrapSafe (node:internal/modules/cjs/loader:1281:20)
    at Module._compile (node:internal/modules/cjs/loader:1321:27)
    at Module._extensions..js (node:internal/modules/cjs/loader:1416:10)
    at Module.load (node:internal/modules/cjs/loader:1208:32)
    at Module._load (node:internal/modules/cjs/loader:1024:12)
    at Module.require (node:internal/modules/cjs/loader:1233:19)
    at require (node:internal/modules/helpers:179:18)
    at loadModule (C:\Users\Ngobile\Desktop\Amazon-Clone\amazon\functions\node_modules\firebase-functions\lib\runtime\loader.js:40:16)
    at loadStack (C:\Users\Ngobile\Desktop\Amazon-Clone\amazon\functions\node_modules\firebase-functions\lib\runtime\loader.js:157:23)
    at C:\Users\Ngobile\Desktop\Amazon-Clone\amazon\functions\node_modules\firebase-functions\lib\bin\firebase-functions.js:56:56

[debug] [2024-09-03T19:47:45.145Z] Got response code 400; body Failed to generate manifest from function source: SyntaxError: Unexpected token '}'
[debug] [2024-09-03T19:47:46.071Z] Validating nodejs source
[debug] [2024-09-03T19:47:50.870Z] > [functions] package.json contents: {
  "name": "functions",
  "description": "Cloud Functions for Firebase",
  "scripts": {
    "lint": "eslint .",
    "serve": "firebase emulators:start --only functions",
    "shell": "firebase functions:shell",
    "start": "npm run shell",
    "deploy": "firebase deploy --only functions",
    "logs": "firebase functions:log"
  },
  "engines": {
    "node": "18"
  },
  "main": "index.js",
  "dependencies": {
    "cors": "^2.8.5",
    "express": "^4.19.2",
    "firebase-admin": "^12.1.0",
    "firebase-functions": "^5.0.0",
    "stripe": "^16.9.0"
  },
  "devDependencies": {
    "eslint": "^8.15.0",
    "eslint-config-google": "^0.14.0",
    "firebase-functions-test": "^3.1.0"
  },
  "private": true
}
[debug] [2024-09-03T19:47:50.871Z] Building nodejs source
[debug] [2024-09-03T19:47:50.871Z] Failed to find version of module node: reached end of search path C:\Users\Ngobile\Desktop\Amazon-Clone\amazon\functions\node_modules
[warn] !  functions: Your requested "node" version "18" doesn't match your global version "20". Using node@20 from host. 
[debug] [2024-09-03T19:47:50.881Z] Could not find functions.yaml. Must use http discovery
[debug] [2024-09-03T19:47:50.894Z] Found firebase-functions binary at 'C:\Users\Ngobile\Desktop\Amazon-Clone\amazon\functions\node_modules\.bin\firebase-functions'
[info] Serving at port 8094

[error] !!  functions: Failed to load function definition from source: FirebaseError: User code failed to load. Cannot determine backend specification {"metadata":{"emulator":{"name":"functions"},"message":"Failed to load function definition from source: FirebaseError: User code failed to load. Cannot determine backend specification"}}
[error] !!  functions: Failed to load function definition from source: FirebaseError: Functions codebase could not be analyzed successfully. It may have a syntax or runtime error {"metadata":{"emulator":{"name":"functions"},"message":"Failed to load function definition from source: FirebaseError: Functions codebase could not be analyzed successfully. It may have a syntax or runtime error"}}
[debug] [2024-09-03T19:47:50.928Z] File C:\Users\Ngobile\Desktop\Amazon-Clone\amazon\functions\index.js changed, reloading triggers {"metadata":{"emulator":{"name":"functions"},"message":"File C:\\Users\\Ngobile\\Desktop\\Amazon-Clone\\amazon\\functions\\index.js changed, reloading triggers"}}
[debug] [2024-09-03T19:47:51.518Z] File C:\Users\Ngobile\Desktop\Amazon-Clone\amazon\functions\index.js changed, reloading triggers {"metadata":{"emulator":{"name":"functions"},"message":"File C:\\Users\\Ngobile\\Desktop\\Amazon-Clone\\amazon\\functions\\index.js changed, reloading triggers"}}
[debug] [2024-09-03T19:47:52.521Z] Validating nodejs source
[debug] [2024-09-03T19:47:57.817Z] > [functions] package.json contents: {
  "name": "functions",
  "description": "Cloud Functions for Firebase",
  "scripts": {
    "lint": "eslint .",
    "serve": "firebase emulators:start --only functions",
    "shell": "firebase functions:shell",
    "start": "npm run shell",
    "deploy": "firebase deploy --only functions",
    "logs": "firebase functions:log"
  },
  "engines": {
    "node": "18"
  },
  "main": "index.js",
  "dependencies": {
    "cors": "^2.8.5",
    "express": "^4.19.2",
    "firebase-admin": "^12.1.0",
    "firebase-functions": "^5.0.0",
    "stripe": "^16.9.0"
  },
  "devDependencies": {
    "eslint": "^8.15.0",
    "eslint-config-google": "^0.14.0",
    "firebase-functions-test": "^3.1.0"
  },
  "private": true
}
[debug] [2024-09-03T19:47:57.818Z] Building nodejs source
[debug] [2024-09-03T19:47:57.818Z] Failed to find version of module node: reached end of search path C:\Users\Ngobile\Desktop\Amazon-Clone\amazon\functions\node_modules
[warn] !  functions: Your requested "node" version "18" doesn't match your global version "20". Using node@20 from host. 
[debug] [2024-09-03T19:47:57.824Z] Could not find functions.yaml. Must use http discovery
[debug] [2024-09-03T19:47:57.837Z] Found firebase-functions binary at 'C:\Users\Ngobile\Desktop\Amazon-Clone\amazon\functions\node_modules\.bin\firebase-functions'
[info] Serving at port 8736

[debug] [2024-09-03T19:47:57.871Z] File C:\Users\Ngobile\Desktop\Amazon-Clone\amazon\functions\index.js changed, reloading triggers {"metadata":{"emulator":{"name":"functions"},"message":"File C:\\Users\\Ngobile\\Desktop\\Amazon-Clone\\amazon\\functions\\index.js changed, reloading triggers"}}
[debug] [2024-09-03T19:47:58.236Z] File C:\Users\Ngobile\Desktop\Amazon-Clone\amazon\functions\index.js changed, reloading triggers {"metadata":{"emulator":{"name":"functions"},"message":"File C:\\Users\\Ngobile\\Desktop\\Amazon-Clone\\amazon\\functions\\index.js changed, reloading triggers"}}
[debug] [2024-09-03T19:47:59.239Z] Validating nodejs source
[debug] [2024-09-03T19:48:03.039Z] > [functions] package.json contents: {
  "name": "functions",
  "description": "Cloud Functions for Firebase",
  "scripts": {
    "lint": "eslint .",
    "serve": "firebase emulators:start --only functions",
    "shell": "firebase functions:shell",
    "start": "npm run shell",
    "deploy": "firebase deploy --only functions",
    "logs": "firebase functions:log"
  },
  "engines": {
    "node": "18"
  },
  "main": "index.js",
  "dependencies": {
    "cors": "^2.8.5",
    "express": "^4.19.2",
    "firebase-admin": "^12.1.0",
    "firebase-functions": "^5.0.0",
    "stripe": "^16.9.0"
  },
  "devDependencies": {
    "eslint": "^8.15.0",
    "eslint-config-google": "^0.14.0",
    "firebase-functions-test": "^3.1.0"
  },
  "private": true
}
[debug] [2024-09-03T19:48:03.040Z] Building nodejs source
[debug] [2024-09-03T19:48:03.040Z] Failed to find version of module node: reached end of search path C:\Users\Ngobile\Desktop\Amazon-Clone\amazon\functions\node_modules
[warn] !  functions: Your requested "node" version "18" doesn't match your global version "20". Using node@20 from host. 
[debug] [2024-09-03T19:48:03.047Z] Could not find functions.yaml. Must use http discovery
[debug] [2024-09-03T19:48:03.062Z] Found firebase-functions binary at 'C:\Users\Ngobile\Desktop\Amazon-Clone\amazon\functions\node_modules\.bin\firebase-functions'
[info] Serving at port 8994

[error] !!  functions: Failed to load function definition from source: FirebaseError: User code failed to load. Cannot determine backend specification {"metadata":{"emulator":{"name":"functions"},"message":"Failed to load function definition from source: FirebaseError: User code failed to load. Cannot determine backend specification"}}
[debug] [2024-09-03T19:48:03.101Z] File C:\Users\Ngobile\Desktop\Amazon-Clone\amazon\functions\index.js changed, reloading triggers {"metadata":{"emulator":{"name":"functions"},"message":"File C:\\Users\\Ngobile\\Desktop\\Amazon-Clone\\amazon\\functions\\index.js changed, reloading triggers"}}
[debug] [2024-09-03T19:48:04.106Z] Validating nodejs source
[debug] [2024-09-03T19:48:07.810Z] > [functions] package.json contents: {
  "name": "functions",
  "description": "Cloud Functions for Firebase",
  "scripts": {
    "lint": "eslint .",
    "serve": "firebase emulators:start --only functions",
    "shell": "firebase functions:shell",
    "start": "npm run shell",
    "deploy": "firebase deploy --only functions",
    "logs": "firebase functions:log"
  },
  "engines": {
    "node": "18"
  },
  "main": "index.js",
  "dependencies": {
    "cors": "^2.8.5",
    "express": "^4.19.2",
    "firebase-admin": "^12.1.0",
    "firebase-functions": "^5.0.0",
    "stripe": "^16.9.0"
  },
  "devDependencies": {
    "eslint": "^8.15.0",
    "eslint-config-google": "^0.14.0",
    "firebase-functions-test": "^3.1.0"
  },
  "private": true
}
[debug] [2024-09-03T19:48:07.810Z] Building nodejs source
[debug] [2024-09-03T19:48:07.810Z] Failed to find version of module node: reached end of search path C:\Users\Ngobile\Desktop\Amazon-Clone\amazon\functions\node_modules
[warn] !  functions: Your requested "node" version "18" doesn't match your global version "20". Using node@20 from host. 
[debug] [2024-09-03T19:48:07.816Z] Could not find functions.yaml. Must use http discovery
[debug] [2024-09-03T19:48:07.829Z] Found firebase-functions binary at 'C:\Users\Ngobile\Desktop\Amazon-Clone\amazon\functions\node_modules\.bin\firebase-functions'
[debug] [2024-09-03T19:48:07.857Z] Got response from /__/functions.yaml {"endpoints":{"api":{"platform":"gcfv1","availableMemoryMb":null,"timeoutSeconds":null,"minInstances":null,"maxInstances":null,"ingressSettings":null,"serviceAccountEmail":null,"vpc":null,"httpsTrigger":{},"entryPoint":"api"}},"specVersion":"v1alpha1","requiredAPIs":[],"extensions":{}}
[info] Serving at port 8130

[error] !!  functions: Failed to load function definition from source: FirebaseError: User code failed to load. Cannot determine backend specification {"metadata":{"emulator":{"name":"functions"},"message":"Failed to load function definition from source: FirebaseError: User code failed to load. Cannot determine backend specification"}}
[info] Serving at port 8863

[debug] [2024-09-03T19:48:09.426Z] Got response from /__/functions.yaml {"endpoints":{"api":{"platform":"gcfv1","availableMemoryMb":null,"timeoutSeconds":null,"minInstances":null,"maxInstances":null,"ingressSettings":null,"serviceAccountEmail":null,"vpc":null,"httpsTrigger":{},"entryPoint":"api"}},"specVersion":"v1alpha1","requiredAPIs":[],"extensions":{}}
[debug] [2024-09-03T19:48:10.402Z] Got response from /__/functions.yaml {"endpoints":{"api":{"platform":"gcfv1","availableMemoryMb":null,"timeoutSeconds":null,"minInstances":null,"maxInstances":null,"ingressSettings":null,"serviceAccountEmail":null,"vpc":null,"httpsTrigger":{},"entryPoint":"api"}},"specVersion":"v1alpha1","requiredAPIs":[],"extensions":{}}
[info] +  functions: Loaded functions definitions from source: api. {"metadata":{"emulator":{"name":"functions"},"message":"Loaded functions definitions from source: api."}}
[info] +  functions: Loaded functions definitions from source: api. {"metadata":{"emulator":{"name":"functions"},"message":"Loaded functions definitions from source: api."}}
[info] +  functions: Loaded functions definitions from source: api. {"metadata":{"emulator":{"name":"functions"},"message":"Loaded functions definitions from source: api."}}
[debug] [2024-09-03T19:48:37.817Z] File C:\Users\Ngobile\Desktop\Amazon-Clone\amazon\functions\index.js changed, reloading triggers {"metadata":{"emulator":{"name":"functions"},"message":"File C:\\Users\\Ngobile\\Desktop\\Amazon-Clone\\amazon\\functions\\index.js changed, reloading triggers"}}
[debug] [2024-09-03T19:48:38.848Z] Validating nodejs source
[debug] [2024-09-03T19:48:42.313Z] > [functions] package.json contents: {
  "name": "functions",
  "description": "Cloud Functions for Firebase",
  "scripts": {
    "lint": "eslint .",
    "serve": "firebase emulators:start --only functions",
    "shell": "firebase functions:shell",
    "start": "npm run shell",
    "deploy": "firebase deploy --only functions",
    "logs": "firebase functions:log"
  },
  "engines": {
    "node": "18"
  },
  "main": "index.js",
  "dependencies": {
    "cors": "^2.8.5",
    "express": "^4.19.2",
    "firebase-admin": "^12.1.0",
    "firebase-functions": "^5.0.0",
    "stripe": "^16.9.0"
  },
  "devDependencies": {
    "eslint": "^8.15.0",
    "eslint-config-google": "^0.14.0",
    "firebase-functions-test": "^3.1.0"
  },
  "private": true
}
[debug] [2024-09-03T19:48:42.313Z] Building nodejs source
[debug] [2024-09-03T19:48:42.313Z] Failed to find version of module node: reached end of search path C:\Users\Ngobile\Desktop\Amazon-Clone\amazon\functions\node_modules
[warn] !  functions: Your requested "node" version "18" doesn't match your global version "20". Using node@20 from host. 
[debug] [2024-09-03T19:48:42.316Z] Could not find functions.yaml. Must use http discovery
[debug] [2024-09-03T19:48:42.327Z] Found firebase-functions binary at 'C:\Users\Ngobile\Desktop\Amazon-Clone\amazon\functions\node_modules\.bin\firebase-functions'
[info] Serving at port 8071

[debug] [2024-09-03T19:48:44.251Z] Got response from /__/functions.yaml {"endpoints":{"api":{"platform":"gcfv1","availableMemoryMb":null,"timeoutSeconds":null,"minInstances":null,"maxInstances":null,"ingressSettings":null,"serviceAccountEmail":null,"vpc":null,"httpsTrigger":{},"entryPoint":"api"}},"specVersion":"v1alpha1","requiredAPIs":[],"extensions":{}}
[info] +  functions: Loaded functions definitions from source: api. {"metadata":{"emulator":{"name":"functions"},"message":"Loaded functions definitions from source: api."}}
[debug] [2024-09-03T19:49:18.679Z] [work-queue] {"queuedWork":["/clone-2ef21/us-central1/api-2024-09-03T19:49:18.678Z"],"queueLength":1,"runningWork":[],"workRunningCount":0}
[debug] [2024-09-03T19:49:18.679Z] [work-queue] {"queuedWork":[],"queueLength":0,"runningWork":["/clone-2ef21/us-central1/api-2024-09-03T19:49:18.678Z"],"workRunningCount":1}
[debug] [2024-09-03T19:49:18.680Z] Accepted request GET /clone-2ef21/us-central1/api --> us-central1-api
[debug] [2024-09-03T19:49:18.690Z] [functions] Runtime ready! Sending request! {"metadata":{"emulator":{"name":"functions"},"message":"[functions] Runtime ready! Sending request!"}}
[debug] [2024-09-03T19:49:18.691Z] [functions] Got req.url=/clone-2ef21/us-central1/api, mapping to path=/ {"metadata":{"emulator":{"name":"functions"},"message":"[functions] Got req.url=/clone-2ef21/us-central1/api, mapping to path=/"}}
[debug] [2024-09-03T19:49:18.711Z] [worker-pool] addWorker(us-central1-api) {"metadata":{"emulator":{"name":"functions"},"message":"[worker-pool] addWorker(us-central1-api)"}}
[debug] [2024-09-03T19:49:18.753Z] [worker-pool] Adding worker with key us-central1-api, total=1 {"metadata":{"emulator":{"name":"functions"},"message":"[worker-pool] Adding worker with key us-central1-api, total=1"}}
[debug] [2024-09-03T19:49:22.577Z] [runtime-status] [4912] Resolved module firebase-admin {"declared":true,"installed":true,"version":"12.4.0","resolution":"C:\\Users\\Ngobile\\Desktop\\Amazon-Clone\\amazon\\functions\\node_modules\\firebase-admin\\lib\\index.js"} {"metadata":{"emulator":{"name":"functions"},"function":{"name":"us-central1-api"},"extension":{},"message":"[runtime-status] [4912] Resolved module firebase-admin {\"declared\":true,\"installed\":true,\"version\":\"12.4.0\",\"resolution\":\"C:\\\\Users\\\\Ngobile\\\\Desktop\\\\Amazon-Clone\\\\amazon\\\\functions\\\\node_modules\\\\firebase-admin\\\\lib\\\\index.js\"}"}}
[debug] [2024-09-03T19:49:22.579Z] [runtime-status] [4912] Resolved module firebase-functions {"declared":true,"installed":true,"version":"5.1.1","resolution":"C:\\Users\\Ngobile\\Desktop\\Amazon-Clone\\amazon\\functions\\node_modules\\firebase-functions\\lib\\v1\\index.js"} {"metadata":{"emulator":{"name":"functions"},"function":{"name":"us-central1-api"},"extension":{},"message":"[runtime-status] [4912] Resolved module firebase-functions {\"declared\":true,\"installed\":true,\"version\":\"5.1.1\",\"resolution\":\"C:\\\\Users\\\\Ngobile\\\\Desktop\\\\Amazon-Clone\\\\amazon\\\\functions\\\\node_modules\\\\firebase-functions\\\\lib\\\\v1\\\\index.js\"}"}}
[debug] [2024-09-03T19:49:22.580Z] [runtime-status] [4912] Outgoing network have been stubbed. [{"name":"http","status":"mocked"},{"name":"http","status":"mocked"},{"name":"https","status":"mocked"},{"name":"https","status":"mocked"},{"name":"net","status":"mocked"}] {"metadata":{"emulator":{"name":"functions"},"function":{"name":"us-central1-api"},"extension":{},"message":"[runtime-status] [4912] Outgoing network have been stubbed. [{\"name\":\"http\",\"status\":\"mocked\"},{\"name\":\"http\",\"status\":\"mocked\"},{\"name\":\"https\",\"status\":\"mocked\"},{\"name\":\"https\",\"status\":\"mocked\"},{\"name\":\"net\",\"status\":\"mocked\"}]"}}
[debug] [2024-09-03T19:49:22.587Z] [runtime-status] [4912] Resolved module firebase-functions {"declared":true,"installed":true,"version":"5.1.1","resolution":"C:\\Users\\Ngobile\\Desktop\\Amazon-Clone\\amazon\\functions\\node_modules\\firebase-functions\\lib\\v1\\index.js"} {"metadata":{"emulator":{"name":"functions"},"function":{"name":"us-central1-api"},"extension":{},"message":"[runtime-status] [4912] Resolved module firebase-functions {\"declared\":true,\"installed\":true,\"version\":\"5.1.1\",\"resolution\":\"C:\\\\Users\\\\Ngobile\\\\Desktop\\\\Amazon-Clone\\\\amazon\\\\functions\\\\node_modules\\\\firebase-functions\\\\lib\\\\v1\\\\index.js\"}"}}
[debug] [2024-09-03T19:49:23.318Z] [runtime-status] [4912] Checked functions.config() {"config":{}} {"metadata":{"emulator":{"name":"functions"},"function":{"name":"us-central1-api"},"extension":{},"message":"[runtime-status] [4912] Checked functions.config() {\"config\":{}}"}}
[debug] [2024-09-03T19:49:23.318Z] [runtime-status] [4912] firebase-functions has been stubbed. {"functionsResolution":{"declared":true,"installed":true,"version":"5.1.1","resolution":"C:\\Users\\Ngobile\\Desktop\\Amazon-Clone\\amazon\\functions\\node_modules\\firebase-functions\\lib\\v1\\index.js"}} {"metadata":{"emulator":{"name":"functions"},"function":{"name":"us-central1-api"},"extension":{},"message":"[runtime-status] [4912] firebase-functions has been stubbed. {\"functionsResolution\":{\"declared\":true,\"installed\":true,\"version\":\"5.1.1\",\"resolution\":\"C:\\\\Users\\\\Ngobile\\\\Desktop\\\\Amazon-Clone\\\\amazon\\\\functions\\\\node_modules\\\\firebase-functions\\\\lib\\\\v1\\\\index.js\"}}"}}
[debug] [2024-09-03T19:49:23.320Z] [runtime-status] [4912] Resolved module firebase-functions {"declared":true,"installed":true,"version":"5.1.1","resolution":"C:\\Users\\Ngobile\\Desktop\\Amazon-Clone\\amazon\\functions\\node_modules\\firebase-functions\\lib\\v1\\index.js"} {"metadata":{"emulator":{"name":"functions"},"function":{"name":"us-central1-api"},"extension":{},"message":"[runtime-status] [4912] Resolved module firebase-functions {\"declared\":true,\"installed\":true,\"version\":\"5.1.1\",\"resolution\":\"C:\\\\Users\\\\Ngobile\\\\Desktop\\\\Amazon-Clone\\\\amazon\\\\functions\\\\node_modules\\\\firebase-functions\\\\lib\\\\v1\\\\index.js\"}"}}
[debug] [2024-09-03T19:49:23.324Z] [runtime-status] [4912] Resolved module firebase-admin {"declared":true,"installed":true,"version":"12.4.0","resolution":"C:\\Users\\Ngobile\\Desktop\\Amazon-Clone\\amazon\\functions\\node_modules\\firebase-admin\\lib\\index.js"} {"metadata":{"emulator":{"name":"functions"},"function":{"name":"us-central1-api"},"extension":{},"message":"[runtime-status] [4912] Resolved module firebase-admin {\"declared\":true,\"installed\":true,\"version\":\"12.4.0\",\"resolution\":\"C:\\\\Users\\\\Ngobile\\\\Desktop\\\\Amazon-Clone\\\\amazon\\\\functions\\\\node_modules\\\\firebase-admin\\\\lib\\\\index.js\"}"}}
[debug] [2024-09-03T19:49:23.332Z] [runtime-status] [4912] Resolved module firebase-functions {"declared":true,"installed":true,"version":"5.1.1","resolution":"C:\\Users\\Ngobile\\Desktop\\Amazon-Clone\\amazon\\functions\\node_modules\\firebase-functions\\lib\\v1\\index.js"} {"metadata":{"emulator":{"name":"functions"},"function":{"name":"us-central1-api"},"extension":{},"message":"[runtime-status] [4912] Resolved module firebase-functions {\"declared\":true,\"installed\":true,\"version\":\"5.1.1\",\"resolution\":\"C:\\\\Users\\\\Ngobile\\\\Desktop\\\\Amazon-Clone\\\\amazon\\\\functions\\\\node_modules\\\\firebase-functions\\\\lib\\\\v1\\\\index.js\"}"}}
[debug] [2024-09-03T19:49:23.333Z] [runtime-status] [4912] firebase-admin has been stubbed. {"adminResolution":{"declared":true,"installed":true,"version":"12.4.0","resolution":"C:\\Users\\Ngobile\\Desktop\\Amazon-Clone\\amazon\\functions\\node_modules\\firebase-admin\\lib\\index.js"}} {"metadata":{"emulator":{"name":"functions"},"function":{"name":"us-central1-api"},"extension":{},"message":"[runtime-status] [4912] firebase-admin has been stubbed. {\"adminResolution\":{\"declared\":true,\"installed\":true,\"version\":\"12.4.0\",\"resolution\":\"C:\\\\Users\\\\Ngobile\\\\Desktop\\\\Amazon-Clone\\\\amazon\\\\functions\\\\node_modules\\\\firebase-admin\\\\lib\\\\index.js\"}}"}}
[debug] [2024-09-03T19:49:23.881Z] [runtime-status] [4912] Functions runtime initialized. {"cwd":"C:\\Users\\Ngobile\\Desktop\\Amazon-Clone\\amazon\\functions","node_version":"20.16.0"} {"metadata":{"emulator":{"name":"functions"},"function":{"name":"us-central1-api"},"extension":{},"message":"[runtime-status] [4912] Functions runtime initialized. {\"cwd\":\"C:\\\\Users\\\\Ngobile\\\\Desktop\\\\Amazon-Clone\\\\amazon\\\\functions\",\"node_version\":\"20.16.0\"}"}}
[debug] [2024-09-03T19:49:23.883Z] [runtime-status] [4912] Listening to port: \\?\pipe\fire_emu_9609e06ebd6052cd {"metadata":{"emulator":{"name":"functions"},"function":{"name":"us-central1-api"},"extension":{},"message":"[runtime-status] [4912] Listening to port: \\\\?\\pipe\\fire_emu_9609e06ebd6052cd"}}
[debug] [2024-09-03T19:49:23.932Z] [worker-us-central1-api-c0ea768c-b957-4e59-9b65-5fe86d5513ca]: IDLE {"metadata":{"emulator":{"name":"functions"},"function":{"name":"us-central1-api"},"extension":{},"message":"[worker-us-central1-api-c0ea768c-b957-4e59-9b65-5fe86d5513ca]: IDLE"}}
[debug] [2024-09-03T19:49:23.932Z] [worker-pool] submitRequest(triggerId=us-central1-api) {"metadata":{"emulator":{"name":"functions"},"message":"[worker-pool] submitRequest(triggerId=us-central1-api)"}}
[info] i  functions: Beginning execution of "us-central1-api" {"metadata":{"emulator":{"name":"functions"},"function":{"name":"us-central1-api"},"extension":{},"message":"Beginning execution of \"us-central1-api\""}}
[debug] [2024-09-03T19:49:23.934Z] [worker-us-central1-api-c0ea768c-b957-4e59-9b65-5fe86d5513ca]: BUSY {"metadata":{"emulator":{"name":"functions"},"function":{"name":"us-central1-api"},"extension":{},"message":"[worker-us-central1-api-c0ea768c-b957-4e59-9b65-5fe86d5513ca]: BUSY"}}
[debug] [2024-09-03T19:49:23.966Z] Finishing up request with event=pause {"metadata":{"emulator":{"name":"functions"},"function":{"name":"us-central1-api"},"extension":{},"message":"Finishing up request with event=pause"}}
[info] i  functions: Finished "us-central1-api" in 32.7449ms {"metadata":{"emulator":{"name":"functions"},"function":{"name":"us-central1-api"},"extension":{},"message":"Finished \"us-central1-api\" in 32.7449ms"}}
[debug] [2024-09-03T19:49:23.968Z] [worker-us-central1-api-c0ea768c-b957-4e59-9b65-5fe86d5513ca]: IDLE {"metadata":{"emulator":{"name":"functions"},"function":{"name":"us-central1-api"},"extension":{},"message":"[worker-us-central1-api-c0ea768c-b957-4e59-9b65-5fe86d5513ca]: IDLE"}}
[debug] [2024-09-03T19:49:23.969Z] Finishing up request with event=finish {"metadata":{"emulator":{"name":"functions"},"function":{"name":"us-central1-api"},"extension":{},"message":"Finishing up request with event=finish"}}
[debug] [2024-09-03T19:49:23.969Z] Finishing up request with event=close {"metadata":{"emulator":{"name":"functions"},"function":{"name":"us-central1-api"},"extension":{},"message":"Finishing up request with event=close"}}
[debug] [2024-09-03T19:49:23.970Z] [work-queue] {"queuedWork":[],"queueLength":0,"runningWork":[],"workRunningCount":0}
[debug] [2024-09-03T19:49:24.080Z] Functions emulator received unknown request at path /favicon.ico
[debug] [2024-09-03T20:49:17.059Z] Received signal SIGHUP 1
